{"/Users/pcco056/Documents/Cours ITU/ribouchon/magicventestock/src/main/webapp/app/config/axios-interceptor.ts": {"path":"/Users/pcco056/Documents/Cours ITU/ribouchon/magicventestock/src/main/webapp/app/config/axios-interceptor.ts","statementMap":{"0":{"start":{"line":1,"column":0},"end":{"line":1,"column":26}},"1":{"start":{"line":2,"column":0},"end":{"line":2,"column":41}},"2":{"start":{"line":4,"column":16},"end":{"line":4,"column":29}},"3":{"start":{"line":5,"column":0},"end":{"line":5,"column":33}},"4":{"start":{"line":6,"column":0},"end":{"line":6,"column":40}},"5":{"start":{"line":8,"column":31},"end":{"line":26,"column":1}},"6":{"start":{"line":9,"column":27},"end":{"line":15,"column":3}},"7":{"start":{"line":10,"column":18},"end":{"line":10,"column":112}},"8":{"start":{"line":11,"column":4},"end":{"line":13,"column":5}},"9":{"start":{"line":12,"column":6},"end":{"line":12,"column":55}},"10":{"start":{"line":14,"column":4},"end":{"line":14,"column":18}},"11":{"start":{"line":16,"column":28},"end":{"line":16,"column":48}},"12":{"start":{"line":16,"column":40},"end":{"line":16,"column":48}},"13":{"start":{"line":17,"column":26},"end":{"line":23,"column":3}},"14":{"start":{"line":18,"column":19},"end":{"line":18,"column":73}},"15":{"start":{"line":19,"column":4},"end":{"line":21,"column":5}},"16":{"start":{"line":20,"column":6},"end":{"line":20,"column":26}},"17":{"start":{"line":22,"column":4},"end":{"line":22,"column":31}},"18":{"start":{"line":24,"column":2},"end":{"line":24,"column":51}},"19":{"start":{"line":25,"column":2},"end":{"line":25,"column":70}},"20":{"start":{"line":28,"column":0},"end":{"line":28,"column":38}}},"fnMap":{"0":{"name":"(anonymous_0)","decl":{"start":{"line":8,"column":31},"end":{"line":8,"column":48}},"loc":{"start":{"line":8,"column":51},"end":{"line":26,"column":1}}},"1":{"name":"(anonymous_1)","decl":{"start":{"line":9,"column":27},"end":{"line":9,"column":33}},"loc":{"start":{"line":9,"column":36},"end":{"line":15,"column":3}}},"2":{"name":"(anonymous_2)","decl":{"start":{"line":16,"column":28},"end":{"line":16,"column":36}},"loc":{"start":{"line":16,"column":40},"end":{"line":16,"column":48}}},"3":{"name":"(anonymous_3)","decl":{"start":{"line":17,"column":26},"end":{"line":17,"column":29}},"loc":{"start":{"line":17,"column":32},"end":{"line":23,"column":3}}}},"branchMap":{"0":{"loc":{"start":{"line":10,"column":18},"end":{"line":10,"column":112}},"type":"binary-expr","locations":[{"start":{"line":10,"column":18},"end":{"line":10,"column":62}},{"start":{"line":10,"column":66},"end":{"line":10,"column":112}}]},"1":{"loc":{"start":{"line":11,"column":4},"end":{"line":13,"column":5}},"type":"if","locations":[{"start":{"line":11,"column":4},"end":{"line":13,"column":5}}]},"2":{"loc":{"start":{"line":18,"column":19},"end":{"line":18,"column":73}},"type":"binary-expr","locations":[{"start":{"line":18,"column":19},"end":{"line":18,"column":29}},{"start":{"line":18,"column":34},"end":{"line":18,"column":72}}]},"3":{"loc":{"start":{"line":18,"column":34},"end":{"line":18,"column":72}},"type":"cond-expr","locations":[{"start":{"line":18,"column":49},"end":{"line":18,"column":68}},{"start":{"line":18,"column":71},"end":{"line":18,"column":72}}]},"4":{"loc":{"start":{"line":19,"column":4},"end":{"line":21,"column":5}},"type":"if","locations":[{"start":{"line":19,"column":4},"end":{"line":21,"column":5}}]}},"s":{"0":1,"1":1,"2":1,"3":1,"4":1,"5":1,"6":1,"7":1,"8":1,"9":0,"10":1,"11":1,"12":1,"13":1,"14":1,"15":1,"16":1,"17":1,"18":1,"19":1,"20":1},"f":{"0":1,"1":1,"2":1,"3":1},"b":{"0":[1,1],"1":[0],"2":[1,1],"3":[1,0],"4":[1]}}
,"/Users/pcco056/Documents/Cours ITU/ribouchon/magicventestock/src/main/webapp/app/config/constants.ts": {"path":"/Users/pcco056/Documents/Cours ITU/ribouchon/magicventestock/src/main/webapp/app/config/constants.ts","statementMap":{"0":{"start":{"line":1,"column":13},"end":{"line":4,"column":2}},"1":{"start":{"line":6,"column":13},"end":{"line":8,"column":2}},"2":{"start":{"line":10,"column":13},"end":{"line":10,"column":48}},"3":{"start":{"line":11,"column":13},"end":{"line":11,"column":56}},"4":{"start":{"line":12,"column":13},"end":{"line":12,"column":50}},"5":{"start":{"line":13,"column":13},"end":{"line":13,"column":60}},"6":{"start":{"line":14,"column":13},"end":{"line":14,"column":45}},"7":{"start":{"line":15,"column":13},"end":{"line":15,"column":67}}},"fnMap":{},"branchMap":{},"s":{"0":2,"1":2,"2":2,"3":2,"4":2,"5":2,"6":2,"7":2},"f":{},"b":{}}
,"/Users/pcco056/Documents/Cours ITU/ribouchon/magicventestock/src/main/webapp/app/config/error-middleware.ts": {"path":"/Users/pcco056/Documents/Cours ITU/ribouchon/magicventestock/src/main/webapp/app/config/error-middleware.ts","statementMap":{"0":{"start":{"line":1,"column":24},"end":{"line":9,"column":1}},"1":{"start":{"line":2,"column":16},"end":{"line":2,"column":33}},"2":{"start":{"line":3,"column":2},"end":{"line":7,"column":3}},"3":{"start":{"line":4,"column":4},"end":{"line":6,"column":7}},"4":{"start":{"line":5,"column":6},"end":{"line":5,"column":99}},"5":{"start":{"line":8,"column":2},"end":{"line":8,"column":17}},"6":{"start":{"line":11,"column":0},"end":{"line":29,"column":2}},"7":{"start":{"line":11,"column":21},"end":{"line":29,"column":1}},"8":{"start":{"line":11,"column":29},"end":{"line":29,"column":1}},"9":{"start":{"line":17,"column":2},"end":{"line":26,"column":3}},"10":{"start":{"line":18,"column":22},"end":{"line":18,"column":28}},"11":{"start":{"line":19,"column":4},"end":{"line":25,"column":5}},"12":{"start":{"line":20,"column":6},"end":{"line":20,"column":106}},"13":{"start":{"line":21,"column":6},"end":{"line":24,"column":7}},"14":{"start":{"line":22,"column":24},"end":{"line":22,"column":60}},"15":{"start":{"line":23,"column":8},"end":{"line":23,"column":50}},"16":{"start":{"line":28,"column":2},"end":{"line":28,"column":22}}},"fnMap":{"0":{"name":"(anonymous_0)","decl":{"start":{"line":1,"column":24},"end":{"line":1,"column":33}},"loc":{"start":{"line":1,"column":36},"end":{"line":9,"column":1}}},"1":{"name":"(anonymous_1)","decl":{"start":{"line":4,"column":34},"end":{"line":4,"column":38}},"loc":{"start":{"line":4,"column":41},"end":{"line":6,"column":5}}},"2":{"name":"(anonymous_2)","decl":{"start":{"line":11,"column":15},"end":{"line":11,"column":18}},"loc":{"start":{"line":11,"column":21},"end":{"line":29,"column":1}}},"3":{"name":"(anonymous_3)","decl":{"start":{"line":11,"column":21},"end":{"line":11,"column":25}},"loc":{"start":{"line":11,"column":29},"end":{"line":29,"column":1}}},"4":{"name":"(anonymous_4)","decl":{"start":{"line":11,"column":29},"end":{"line":11,"column":35}},"loc":{"start":{"line":11,"column":38},"end":{"line":29,"column":1}}}},"branchMap":{"0":{"loc":{"start":{"line":3,"column":2},"end":{"line":7,"column":3}},"type":"if","locations":[{"start":{"line":3,"column":2},"end":{"line":7,"column":3}}]},"1":{"loc":{"start":{"line":17,"column":2},"end":{"line":26,"column":3}},"type":"if","locations":[{"start":{"line":17,"column":2},"end":{"line":26,"column":3}}]},"2":{"loc":{"start":{"line":19,"column":4},"end":{"line":25,"column":5}},"type":"if","locations":[{"start":{"line":19,"column":4},"end":{"line":25,"column":5}}]},"3":{"loc":{"start":{"line":21,"column":6},"end":{"line":24,"column":7}},"type":"if","locations":[{"start":{"line":21,"column":6},"end":{"line":24,"column":7}}]},"4":{"loc":{"start":{"line":21,"column":10},"end":{"line":21,"column":47}},"type":"binary-expr","locations":[{"start":{"line":21,"column":10},"end":{"line":21,"column":24}},{"start":{"line":21,"column":28},"end":{"line":21,"column":47}}]}},"s":{"0":2,"1":0,"2":0,"3":0,"4":0,"5":0,"6":2,"7":2,"8":2,"9":0,"10":0,"11":0,"12":0,"13":0,"14":0,"15":0,"16":0},"f":{"0":0,"1":0,"2":2,"3":2,"4":0},"b":{"0":[0],"1":[0],"2":[0],"3":[0],"4":[0,0]}}
,"/Users/pcco056/Documents/Cours ITU/ribouchon/magicventestock/src/main/webapp/app/config/icon-loader.ts": {"path":"/Users/pcco056/Documents/Cours ITU/ribouchon/magicventestock/src/main/webapp/app/config/icon-loader.ts","statementMap":{"0":{"start":{"line":1,"column":0},"end":{"line":1,"column":null}},"1":{"start":{"line":37,"column":0},"end":{"line":37,"column":60}},"2":{"start":{"line":39,"column":25},"end":{"line":75,"column":1}},"3":{"start":{"line":40,"column":2},"end":{"line":74,"column":4}},"4":{"start":{"line":39,"column":13},"end":{"line":39,"column":25}}},"fnMap":{"0":{"name":"(anonymous_0)","decl":{"start":{"line":39,"column":25},"end":{"line":39,"column":28}},"loc":{"start":{"line":39,"column":30},"end":{"line":75,"column":1}}}},"branchMap":{},"s":{"0":18,"1":18,"2":18,"3":18,"4":18},"f":{"0":18},"b":{}}
,"/Users/pcco056/Documents/Cours ITU/ribouchon/magicventestock/src/main/webapp/app/config/logger-middleware.ts": {"path":"/Users/pcco056/Documents/Cours ITU/ribouchon/magicventestock/src/main/webapp/app/config/logger-middleware.ts","statementMap":{"0":{"start":{"line":2,"column":0},"end":{"line":16,"column":2}},"1":{"start":{"line":2,"column":21},"end":{"line":16,"column":1}},"2":{"start":{"line":2,"column":29},"end":{"line":16,"column":1}},"3":{"start":{"line":3,"column":2},"end":{"line":13,"column":3}},"4":{"start":{"line":4,"column":43},"end":{"line":4,"column":49}},"5":{"start":{"line":6,"column":4},"end":{"line":6,"column":33}},"6":{"start":{"line":7,"column":4},"end":{"line":7,"column":37}},"7":{"start":{"line":8,"column":4},"end":{"line":10,"column":5}},"8":{"start":{"line":9,"column":6},"end":{"line":9,"column":35}},"9":{"start":{"line":11,"column":4},"end":{"line":11,"column":31}},"10":{"start":{"line":12,"column":4},"end":{"line":12,"column":23}},"11":{"start":{"line":15,"column":2},"end":{"line":15,"column":22}}},"fnMap":{"0":{"name":"(anonymous_0)","decl":{"start":{"line":2,"column":15},"end":{"line":2,"column":18}},"loc":{"start":{"line":2,"column":21},"end":{"line":16,"column":1}}},"1":{"name":"(anonymous_1)","decl":{"start":{"line":2,"column":21},"end":{"line":2,"column":25}},"loc":{"start":{"line":2,"column":29},"end":{"line":16,"column":1}}},"2":{"name":"(anonymous_2)","decl":{"start":{"line":2,"column":29},"end":{"line":2,"column":35}},"loc":{"start":{"line":2,"column":38},"end":{"line":16,"column":1}}}},"branchMap":{"0":{"loc":{"start":{"line":3,"column":2},"end":{"line":13,"column":3}},"type":"if","locations":[{"start":{"line":3,"column":2},"end":{"line":13,"column":3}}]},"1":{"loc":{"start":{"line":8,"column":4},"end":{"line":10,"column":5}},"type":"if","locations":[{"start":{"line":8,"column":4},"end":{"line":10,"column":5}}]}},"s":{"0":2,"1":2,"2":2,"3":0,"4":0,"5":0,"6":0,"7":0,"8":0,"9":0,"10":0,"11":0},"f":{"0":2,"1":2,"2":0},"b":{"0":[0],"1":[0]}}
,"/Users/pcco056/Documents/Cours ITU/ribouchon/magicventestock/src/main/webapp/app/config/notification-middleware.ts": {"path":"/Users/pcco056/Documents/Cours ITU/ribouchon/magicventestock/src/main/webapp/app/config/notification-middleware.ts","statementMap":{"0":{"start":{"line":1,"column":0},"end":{"line":1,"column":39}},"1":{"start":{"line":2,"column":0},"end":{"line":2,"column":88}},"2":{"start":{"line":3,"column":0},"end":{"line":3,"column":37}},"3":{"start":{"line":4,"column":0},"end":{"line":4,"column":89}},"4":{"start":{"line":5,"column":0},"end":{"line":5,"column":68}},"5":{"start":{"line":11,"column":22},"end":{"line":13,"column":1}},"6":{"start":{"line":12,"column":2},"end":{"line":12,"column":31}},"7":{"start":{"line":15,"column":28},"end":{"line":24,"column":4}},"8":{"start":{"line":16,"column":2},"end":{"line":24,"column":4}},"9":{"start":{"line":17,"column":4},"end":{"line":19,"column":5}},"10":{"start":{"line":18,"column":6},"end":{"line":18,"column":34}},"11":{"start":{"line":21,"column":27},"end":{"line":21,"column":69}},"12":{"start":{"line":22,"column":22},"end":{"line":22,"column":86}},"13":{"start":{"line":23,"column":4},"end":{"line":23,"column":56}},"14":{"start":{"line":26,"column":0},"end":{"line":83,"column":2}},"15":{"start":{"line":26,"column":21},"end":{"line":83,"column":1}},"16":{"start":{"line":26,"column":29},"end":{"line":83,"column":1}},"17":{"start":{"line":27,"column":29},"end":{"line":27,"column":35}},"18":{"start":{"line":33,"column":2},"end":{"line":38,"column":3}},"19":{"start":{"line":34,"column":22},"end":{"line":34,"column":60}},"20":{"start":{"line":35,"column":4},"end":{"line":37,"column":5}},"21":{"start":{"line":36,"column":6},"end":{"line":36,"column":27}},"22":{"start":{"line":40,"column":2},"end":{"line":80,"column":3}},"23":{"start":{"line":41,"column":4},"end":{"line":77,"column":5}},"24":{"start":{"line":42,"column":23},"end":{"line":42,"column":37}},"25":{"start":{"line":43,"column":6},"end":{"line":71,"column":7}},"26":{"start":{"line":45,"column":13},"end":{"line":71,"column":7}},"27":{"start":{"line":47,"column":13},"end":{"line":71,"column":7}},"28":{"start":{"line":49,"column":8},"end":{"line":51,"column":11}},"29":{"start":{"line":52,"column":13},"end":{"line":71,"column":7}},"30":{"start":{"line":53,"column":8},"end":{"line":55,"column":11}},"31":{"start":{"line":57,"column":21},"end":{"line":57,"column":34}},"32":{"start":{"line":58,"column":24},"end":{"line":58,"column":64}},"33":{"start":{"line":59,"column":8},"end":{"line":70,"column":9}},"34":{"start":{"line":60,"column":10},"end":{"line":60,"column":94}},"35":{"start":{"line":60,"column":70},"end":{"line":60,"column":92}},"36":{"start":{"line":62,"column":40},"end":{"line":62,"column":94}},"37":{"start":{"line":63,"column":10},"end":{"line":69,"column":11}},"38":{"start":{"line":64,"column":12},"end":{"line":64,"column":51}},"39":{"start":{"line":65,"column":17},"end":{"line":69,"column":11}},"40":{"start":{"line":66,"column":12},"end":{"line":66,"column":45}},"41":{"start":{"line":68,"column":12},"end":{"line":68,"column":105}},"42":{"start":{"line":72,"column":11},"end":{"line":77,"column":5}},"43":{"start":{"line":74,"column":6},"end":{"line":74,"column":86}},"44":{"start":{"line":76,"column":6},"end":{"line":76,"column":68}},"45":{"start":{"line":78,"column":9},"end":{"line":80,"column":3}},"46":{"start":{"line":79,"column":4},"end":{"line":79,"column":66}},"47":{"start":{"line":82,"column":2},"end":{"line":82,"column":22}}},"fnMap":{"0":{"name":"(anonymous_0)","decl":{"start":{"line":11,"column":22},"end":{"line":11,"column":23}},"loc":{"start":{"line":11,"column":47},"end":{"line":13,"column":1}}},"1":{"name":"(anonymous_1)","decl":{"start":{"line":15,"column":28},"end":{"line":15,"column":29}},"loc":{"start":{"line":16,"column":2},"end":{"line":24,"column":4}}},"2":{"name":"(anonymous_2)","decl":{"start":{"line":16,"column":18},"end":{"line":16,"column":28}},"loc":{"start":{"line":16,"column":31},"end":{"line":24,"column":3}}},"3":{"name":"(anonymous_3)","decl":{"start":{"line":26,"column":15},"end":{"line":26,"column":18}},"loc":{"start":{"line":26,"column":21},"end":{"line":83,"column":1}}},"4":{"name":"(anonymous_4)","decl":{"start":{"line":26,"column":21},"end":{"line":26,"column":25}},"loc":{"start":{"line":26,"column":29},"end":{"line":83,"column":1}}},"5":{"name":"(anonymous_5)","decl":{"start":{"line":26,"column":29},"end":{"line":26,"column":35}},"loc":{"start":{"line":26,"column":38},"end":{"line":83,"column":1}}},"6":{"name":"(anonymous_6)","decl":{"start":{"line":60,"column":59},"end":{"line":60,"column":66}},"loc":{"start":{"line":60,"column":70},"end":{"line":60,"column":92}}}},"branchMap":{"0":{"loc":{"start":{"line":17,"column":4},"end":{"line":19,"column":5}},"type":"if","locations":[{"start":{"line":17,"column":4},"end":{"line":19,"column":5}}]},"1":{"loc":{"start":{"line":33,"column":2},"end":{"line":38,"column":3}},"type":"if","locations":[{"start":{"line":33,"column":2},"end":{"line":38,"column":3}}]},"2":{"loc":{"start":{"line":33,"column":6},"end":{"line":33,"column":53}},"type":"binary-expr","locations":[{"start":{"line":33,"column":6},"end":{"line":33,"column":31}},{"start":{"line":33,"column":35},"end":{"line":33,"column":51}}]},"3":{"loc":{"start":{"line":33,"column":35},"end":{"line":33,"column":51}},"type":"cond-expr","locations":[{"start":{"line":33,"column":42},"end":{"line":33,"column":44}},{"start":{"line":33,"column":35},"end":{"line":33,"column":51}}]},"4":{"loc":{"start":{"line":33,"column":35},"end":{"line":33,"column":44}},"type":"binary-expr","locations":[{"start":{"line":33,"column":35},"end":{"line":33,"column":44}},{"start":{"line":33,"column":35},"end":{"line":33,"column":44}}]},"5":{"loc":{"start":{"line":35,"column":4},"end":{"line":37,"column":5}},"type":"if","locations":[{"start":{"line":35,"column":4},"end":{"line":37,"column":5}}]},"6":{"loc":{"start":{"line":40,"column":2},"end":{"line":80,"column":3}},"type":"if","locations":[{"start":{"line":40,"column":2},"end":{"line":80,"column":3}},{"start":{"line":78,"column":9},"end":{"line":80,"column":3}}]},"7":{"loc":{"start":{"line":40,"column":6},"end":{"line":40,"column":53}},"type":"binary-expr","locations":[{"start":{"line":40,"column":6},"end":{"line":40,"column":30}},{"start":{"line":40,"column":34},"end":{"line":40,"column":53}}]},"8":{"loc":{"start":{"line":41,"column":4},"end":{"line":77,"column":5}},"type":"if","locations":[{"start":{"line":41,"column":4},"end":{"line":77,"column":5}},{"start":{"line":72,"column":11},"end":{"line":77,"column":5}}]},"9":{"loc":{"start":{"line":43,"column":6},"end":{"line":71,"column":7}},"type":"if","locations":[{"start":{"line":43,"column":6},"end":{"line":71,"column":7}},{"start":{"line":45,"column":13},"end":{"line":71,"column":7}}]},"10":{"loc":{"start":{"line":45,"column":13},"end":{"line":71,"column":7}},"type":"if","locations":[{"start":{"line":45,"column":13},"end":{"line":71,"column":7}},{"start":{"line":47,"column":13},"end":{"line":71,"column":7}}]},"11":{"loc":{"start":{"line":45,"column":17},"end":{"line":45,"column":112}},"type":"binary-expr","locations":[{"start":{"line":45,"column":17},"end":{"line":45,"column":59}},{"start":{"line":45,"column":63},"end":{"line":45,"column":110}}]},"12":{"loc":{"start":{"line":45,"column":17},"end":{"line":45,"column":59}},"type":"cond-expr","locations":[{"start":{"line":45,"column":34},"end":{"line":45,"column":36}},{"start":{"line":45,"column":34},"end":{"line":45,"column":59}}]},"13":{"loc":{"start":{"line":45,"column":17},"end":{"line":45,"column":36}},"type":"binary-expr","locations":[{"start":{"line":45,"column":17},"end":{"line":45,"column":36}},{"start":{"line":45,"column":34},"end":{"line":45,"column":36}}]},"14":{"loc":{"start":{"line":45,"column":17},"end":{"line":45,"column":34}},"type":"cond-expr","locations":[{"start":{"line":45,"column":29},"end":{"line":45,"column":31}},{"start":{"line":45,"column":29},"end":{"line":45,"column":34}}]},"15":{"loc":{"start":{"line":45,"column":17},"end":{"line":45,"column":31}},"type":"binary-expr","locations":[{"start":{"line":45,"column":17},"end":{"line":45,"column":31}},{"start":{"line":45,"column":29},"end":{"line":45,"column":31}}]},"16":{"loc":{"start":{"line":45,"column":63},"end":{"line":45,"column":110}},"type":"cond-expr","locations":[{"start":{"line":45,"column":80},"end":{"line":45,"column":82}},{"start":{"line":45,"column":80},"end":{"line":45,"column":110}}]},"17":{"loc":{"start":{"line":45,"column":63},"end":{"line":45,"column":82}},"type":"binary-expr","locations":[{"start":{"line":45,"column":63},"end":{"line":45,"column":82}},{"start":{"line":45,"column":80},"end":{"line":45,"column":82}}]},"18":{"loc":{"start":{"line":45,"column":63},"end":{"line":45,"column":80}},"type":"cond-expr","locations":[{"start":{"line":45,"column":75},"end":{"line":45,"column":77}},{"start":{"line":45,"column":75},"end":{"line":45,"column":80}}]},"19":{"loc":{"start":{"line":45,"column":63},"end":{"line":45,"column":77}},"type":"binary-expr","locations":[{"start":{"line":45,"column":63},"end":{"line":45,"column":77}},{"start":{"line":45,"column":75},"end":{"line":45,"column":77}}]},"20":{"loc":{"start":{"line":47,"column":13},"end":{"line":71,"column":7}},"type":"if","locations":[{"start":{"line":47,"column":13},"end":{"line":71,"column":7}},{"start":{"line":52,"column":13},"end":{"line":71,"column":7}}]},"21":{"loc":{"start":{"line":52,"column":13},"end":{"line":71,"column":7}},"type":"if","locations":[{"start":{"line":52,"column":13},"end":{"line":71,"column":7}},{"start":{"line":56,"column":13},"end":{"line":71,"column":7}}]},"22":{"loc":{"start":{"line":58,"column":24},"end":{"line":58,"column":64}},"type":"cond-expr","locations":[{"start":{"line":58,"column":53},"end":{"line":58,"column":57}},{"start":{"line":58,"column":60},"end":{"line":58,"column":64}}]},"23":{"loc":{"start":{"line":59,"column":8},"end":{"line":70,"column":9}},"type":"if","locations":[{"start":{"line":59,"column":8},"end":{"line":70,"column":9}},{"start":{"line":61,"column":15},"end":{"line":70,"column":9}}]},"24":{"loc":{"start":{"line":59,"column":12},"end":{"line":59,"column":32}},"type":"cond-expr","locations":[{"start":{"line":59,"column":19},"end":{"line":59,"column":21}},{"start":{"line":59,"column":12},"end":{"line":59,"column":32}}]},"25":{"loc":{"start":{"line":59,"column":12},"end":{"line":59,"column":21}},"type":"binary-expr","locations":[{"start":{"line":59,"column":12},"end":{"line":59,"column":21}},{"start":{"line":59,"column":12},"end":{"line":59,"column":21}}]},"26":{"loc":{"start":{"line":62,"column":62},"end":{"line":62,"column":93}},"type":"cond-expr","locations":[{"start":{"line":62,"column":87},"end":{"line":62,"column":91}},{"start":{"line":62,"column":91},"end":{"line":62,"column":93}}]},"27":{"loc":{"start":{"line":62,"column":62},"end":{"line":62,"column":91}},"type":"binary-expr","locations":[{"start":{"line":62,"column":62},"end":{"line":62,"column":91}},{"start":{"line":62,"column":87},"end":{"line":62,"column":91}}]},"28":{"loc":{"start":{"line":63,"column":10},"end":{"line":69,"column":11}},"type":"if","locations":[{"start":{"line":63,"column":10},"end":{"line":69,"column":11}},{"start":{"line":65,"column":17},"end":{"line":69,"column":11}}]},"29":{"loc":{"start":{"line":65,"column":17},"end":{"line":69,"column":11}},"type":"if","locations":[{"start":{"line":65,"column":17},"end":{"line":69,"column":11}},{"start":{"line":67,"column":17},"end":{"line":69,"column":11}}]},"30":{"loc":{"start":{"line":65,"column":21},"end":{"line":65,"column":60}},"type":"binary-expr","locations":[{"start":{"line":65,"column":21},"end":{"line":65,"column":45}},{"start":{"line":65,"column":49},"end":{"line":65,"column":60}}]},"31":{"loc":{"start":{"line":68,"column":24},"end":{"line":68,"column":103}},"type":"cond-expr","locations":[{"start":{"line":68,"column":83},"end":{"line":68,"column":87}},{"start":{"line":68,"column":87},"end":{"line":68,"column":103}}]},"32":{"loc":{"start":{"line":68,"column":24},"end":{"line":68,"column":87}},"type":"binary-expr","locations":[{"start":{"line":68,"column":24},"end":{"line":68,"column":87}},{"start":{"line":68,"column":83},"end":{"line":68,"column":87}}]},"33":{"loc":{"start":{"line":68,"column":24},"end":{"line":68,"column":83}},"type":"cond-expr","locations":[{"start":{"line":68,"column":68},"end":{"line":68,"column":72}},{"start":{"line":68,"column":72},"end":{"line":68,"column":83}}]},"34":{"loc":{"start":{"line":68,"column":24},"end":{"line":68,"column":72}},"type":"binary-expr","locations":[{"start":{"line":68,"column":24},"end":{"line":68,"column":72}},{"start":{"line":68,"column":68},"end":{"line":68,"column":72}}]},"35":{"loc":{"start":{"line":68,"column":24},"end":{"line":68,"column":68}},"type":"cond-expr","locations":[{"start":{"line":68,"column":53},"end":{"line":68,"column":57}},{"start":{"line":68,"column":57},"end":{"line":68,"column":68}}]},"36":{"loc":{"start":{"line":68,"column":24},"end":{"line":68,"column":57}},"type":"binary-expr","locations":[{"start":{"line":68,"column":24},"end":{"line":68,"column":57}},{"start":{"line":68,"column":53},"end":{"line":68,"column":57}}]},"37":{"loc":{"start":{"line":68,"column":24},"end":{"line":68,"column":53}},"type":"cond-expr","locations":[{"start":{"line":68,"column":36},"end":{"line":68,"column":40}},{"start":{"line":68,"column":40},"end":{"line":68,"column":53}}]},"38":{"loc":{"start":{"line":68,"column":24},"end":{"line":68,"column":40}},"type":"binary-expr","locations":[{"start":{"line":68,"column":24},"end":{"line":68,"column":40}},{"start":{"line":68,"column":36},"end":{"line":68,"column":40}}]},"39":{"loc":{"start":{"line":68,"column":24},"end":{"line":68,"column":36}},"type":"cond-expr","locations":[{"start":{"line":68,"column":28},"end":{"line":68,"column":30}},{"start":{"line":68,"column":24},"end":{"line":68,"column":36}}]},"40":{"loc":{"start":{"line":68,"column":24},"end":{"line":68,"column":30}},"type":"binary-expr","locations":[{"start":{"line":68,"column":24},"end":{"line":68,"column":30}},{"start":{"line":68,"column":24},"end":{"line":68,"column":30}}]},"41":{"loc":{"start":{"line":68,"column":40},"end":{"line":68,"column":53}},"type":"cond-expr","locations":[{"start":{"line":68,"column":44},"end":{"line":68,"column":46}},{"start":{"line":68,"column":40},"end":{"line":68,"column":53}}]},"42":{"loc":{"start":{"line":68,"column":40},"end":{"line":68,"column":46}},"type":"binary-expr","locations":[{"start":{"line":68,"column":40},"end":{"line":68,"column":46}},{"start":{"line":68,"column":40},"end":{"line":68,"column":46}}]},"43":{"loc":{"start":{"line":68,"column":57},"end":{"line":68,"column":68}},"type":"cond-expr","locations":[{"start":{"line":68,"column":61},"end":{"line":68,"column":63}},{"start":{"line":68,"column":57},"end":{"line":68,"column":68}}]},"44":{"loc":{"start":{"line":68,"column":57},"end":{"line":68,"column":63}},"type":"binary-expr","locations":[{"start":{"line":68,"column":57},"end":{"line":68,"column":63}},{"start":{"line":68,"column":57},"end":{"line":68,"column":63}}]},"45":{"loc":{"start":{"line":68,"column":72},"end":{"line":68,"column":83}},"type":"cond-expr","locations":[{"start":{"line":68,"column":76},"end":{"line":68,"column":78}},{"start":{"line":68,"column":72},"end":{"line":68,"column":83}}]},"46":{"loc":{"start":{"line":68,"column":72},"end":{"line":68,"column":78}},"type":"binary-expr","locations":[{"start":{"line":68,"column":72},"end":{"line":68,"column":78}},{"start":{"line":68,"column":72},"end":{"line":68,"column":78}}]},"47":{"loc":{"start":{"line":72,"column":11},"end":{"line":77,"column":5}},"type":"if","locations":[{"start":{"line":72,"column":11},"end":{"line":77,"column":5}},{"start":{"line":75,"column":11},"end":{"line":77,"column":5}}]},"48":{"loc":{"start":{"line":72,"column":15},"end":{"line":72,"column":91}},"type":"binary-expr","locations":[{"start":{"line":72,"column":15},"end":{"line":72,"column":57}},{"start":{"line":72,"column":61},"end":{"line":72,"column":91}}]},"49":{"loc":{"start":{"line":72,"column":15},"end":{"line":72,"column":57}},"type":"cond-expr","locations":[{"start":{"line":72,"column":32},"end":{"line":72,"column":34}},{"start":{"line":72,"column":32},"end":{"line":72,"column":57}}]},"50":{"loc":{"start":{"line":72,"column":15},"end":{"line":72,"column":34}},"type":"binary-expr","locations":[{"start":{"line":72,"column":15},"end":{"line":72,"column":34}},{"start":{"line":72,"column":32},"end":{"line":72,"column":34}}]},"51":{"loc":{"start":{"line":72,"column":15},"end":{"line":72,"column":32}},"type":"cond-expr","locations":[{"start":{"line":72,"column":27},"end":{"line":72,"column":29}},{"start":{"line":72,"column":27},"end":{"line":72,"column":32}}]},"52":{"loc":{"start":{"line":72,"column":15},"end":{"line":72,"column":29}},"type":"binary-expr","locations":[{"start":{"line":72,"column":15},"end":{"line":72,"column":29}},{"start":{"line":72,"column":27},"end":{"line":72,"column":29}}]},"53":{"loc":{"start":{"line":72,"column":61},"end":{"line":72,"column":81}},"type":"cond-expr","locations":[{"start":{"line":72,"column":73},"end":{"line":72,"column":75}},{"start":{"line":72,"column":73},"end":{"line":72,"column":81}}]},"54":{"loc":{"start":{"line":72,"column":61},"end":{"line":72,"column":75}},"type":"binary-expr","locations":[{"start":{"line":72,"column":61},"end":{"line":72,"column":75}},{"start":{"line":72,"column":73},"end":{"line":72,"column":75}}]},"55":{"loc":{"start":{"line":76,"column":31},"end":{"line":76,"column":64}},"type":"cond-expr","locations":[{"start":{"line":76,"column":44},"end":{"line":76,"column":48}},{"start":{"line":76,"column":48},"end":{"line":76,"column":64}}]},"56":{"loc":{"start":{"line":76,"column":31},"end":{"line":76,"column":48}},"type":"binary-expr","locations":[{"start":{"line":76,"column":31},"end":{"line":76,"column":48}},{"start":{"line":76,"column":44},"end":{"line":76,"column":48}}]},"57":{"loc":{"start":{"line":78,"column":9},"end":{"line":80,"column":3}},"type":"if","locations":[{"start":{"line":78,"column":9},"end":{"line":80,"column":3}}]},"58":{"loc":{"start":{"line":79,"column":29},"end":{"line":79,"column":62}},"type":"cond-expr","locations":[{"start":{"line":79,"column":42},"end":{"line":79,"column":46}},{"start":{"line":79,"column":46},"end":{"line":79,"column":62}}]},"59":{"loc":{"start":{"line":79,"column":29},"end":{"line":79,"column":46}},"type":"binary-expr","locations":[{"start":{"line":79,"column":29},"end":{"line":79,"column":46}},{"start":{"line":79,"column":42},"end":{"line":79,"column":46}}]}},"s":{"0":3,"1":3,"2":3,"3":3,"4":3,"5":3,"6":7,"7":3,"8":1,"9":1,"10":1,"11":1,"12":1,"13":1,"14":3,"15":15,"16":15,"17":13,"18":13,"19":1,"20":1,"21":1,"22":13,"23":10,"24":9,"25":9,"26":8,"27":8,"28":1,"29":7,"30":1,"31":6,"32":6,"33":6,"34":1,"35":1,"36":5,"37":5,"38":1,"39":4,"40":1,"41":3,"42":1,"43":0,"44":1,"45":3,"46":1,"47":13},"f":{"0":7,"1":1,"2":1,"3":15,"4":15,"5":13,"6":1},"b":{"0":[1],"1":[1],"2":[13,2],"3":[0,2],"4":[2,2],"5":[1],"6":[10,3],"7":[13,11],"8":[9,1],"9":[1,8],"10":[0,8],"11":[8,8],"12":[8,0],"13":[8,8],"14":[8,0],"15":[8,8],"16":[8,0],"17":[8,8],"18":[8,0],"19":[8,8],"20":[1,7],"21":[1,6],"22":[1,5],"23":[1,5],"24":[5,1],"25":[6,1],"26":[1,4],"27":[5,5],"28":[1,4],"29":[1,3],"30":[4,1],"31":[2,1],"32":[3,3],"33":[1,2],"34":[3,3],"35":[1,2],"36":[3,3],"37":[0,3],"38":[3,3],"39":[1,2],"40":[3,3],"41":[1,2],"42":[3,3],"43":[1,1],"44":[2,2],"45":[1,1],"46":[2,2],"47":[0,1],"48":[1,0],"49":[1,0],"50":[1,1],"51":[1,0],"52":[1,1],"53":[0,0],"54":[0,0],"55":[0,1],"56":[1,1],"57":[1],"58":[1,0],"59":[1,1]}}
,"/Users/pcco056/Documents/Cours ITU/ribouchon/magicventestock/src/main/webapp/app/config/store.ts": {"path":"/Users/pcco056/Documents/Cours ITU/ribouchon/magicventestock/src/main/webapp/app/config/store.ts","statementMap":{"0":{"start":{"line":1,"column":0},"end":{"line":1,"column":78}},"1":{"start":{"line":2,"column":0},"end":{"line":2,"column":77}},"2":{"start":{"line":3,"column":0},"end":{"line":3,"column":63}},"3":{"start":{"line":5,"column":0},"end":{"line":5,"column":49}},"4":{"start":{"line":6,"column":0},"end":{"line":6,"column":49}},"5":{"start":{"line":7,"column":0},"end":{"line":7,"column":63}},"6":{"start":{"line":8,"column":0},"end":{"line":8,"column":51}},"7":{"start":{"line":10,"column":14},"end":{"line":19,"column":2}},"8":{"start":{"line":13,"column":4},"end":{"line":18,"column":96}},"9":{"start":{"line":21,"column":17},"end":{"line":21,"column":28}},"10":{"start":{"line":21,"column":23},"end":{"line":21,"column":28}},"11":{"start":{"line":26,"column":13},"end":{"line":26,"column":76}},"12":{"start":{"line":27,"column":30},"end":{"line":27,"column":62}},"13":{"start":{"line":27,"column":36},"end":{"line":27,"column":62}},"14":{"start":{"line":27,"column":13},"end":{"line":27,"column":30}},"15":{"start":{"line":30,"column":0},"end":{"line":30,"column":24}}},"fnMap":{"0":{"name":"(anonymous_0)","decl":{"start":{"line":12,"column":14},"end":{"line":12,"column":34}},"loc":{"start":{"line":13,"column":4},"end":{"line":18,"column":96}}},"1":{"name":"(anonymous_1)","decl":{"start":{"line":21,"column":17},"end":{"line":21,"column":20}},"loc":{"start":{"line":21,"column":23},"end":{"line":21,"column":28}}},"2":{"name":"(anonymous_2)","decl":{"start":{"line":27,"column":30},"end":{"line":27,"column":33}},"loc":{"start":{"line":27,"column":36},"end":{"line":27,"column":62}}}},"branchMap":{},"s":{"0":2,"1":2,"2":2,"3":2,"4":2,"5":2,"6":2,"7":2,"8":2,"9":2,"10":4,"11":2,"12":2,"13":0,"14":2,"15":2},"f":{"0":2,"1":4,"2":0},"b":{}}
,"/Users/pcco056/Documents/Cours ITU/ribouchon/magicventestock/src/main/webapp/app/entities/menu.tsx": {"path":"/Users/pcco056/Documents/Cours ITU/ribouchon/magicventestock/src/main/webapp/app/entities/menu.tsx","statementMap":{"0":{"start":{"line":1,"column":0},"end":{"line":1,"column":26}},"1":{"start":{"line":3,"column":0},"end":{"line":3,"column":57}},"2":{"start":{"line":5,"column":21},"end":{"line":18,"column":1}},"3":{"start":{"line":6,"column":2},"end":{"line":17,"column":4}},"4":{"start":{"line":20,"column":0},"end":{"line":20,"column":28}}},"fnMap":{"0":{"name":"(anonymous_0)","decl":{"start":{"line":5,"column":21},"end":{"line":5,"column":24}},"loc":{"start":{"line":5,"column":26},"end":{"line":18,"column":1}}}},"branchMap":{},"s":{"0":1,"1":1,"2":1,"3":3,"4":1},"f":{"0":3},"b":{}}
,"/Users/pcco056/Documents/Cours ITU/ribouchon/magicventestock/src/main/webapp/app/entities/reducers.ts": {"path":"/Users/pcco056/Documents/Cours ITU/ribouchon/magicventestock/src/main/webapp/app/entities/reducers.ts","statementMap":{"0":{"start":{"line":1,"column":0},"end":{"line":1,"column":59}},"1":{"start":{"line":2,"column":0},"end":{"line":2,"column":73}},"2":{"start":{"line":5,"column":25},"end":{"line":9,"column":2}},"3":{"start":{"line":11,"column":0},"end":{"line":11,"column":32}}},"fnMap":{},"branchMap":{},"s":{"0":2,"1":2,"2":2,"3":2},"f":{},"b":{}}
,"/Users/pcco056/Documents/Cours ITU/ribouchon/magicventestock/src/main/webapp/app/entities/produit/produit.reducer.ts": {"path":"/Users/pcco056/Documents/Cours ITU/ribouchon/magicventestock/src/main/webapp/app/entities/produit/produit.reducer.ts","statementMap":{"0":{"start":{"line":1,"column":0},"end":{"line":1,"column":26}},"1":{"start":{"line":2,"column":0},"end":{"line":2,"column":76}},"2":{"start":{"line":3,"column":0},"end":{"line":3,"column":59}},"3":{"start":{"line":4,"column":0},"end":{"line":4,"column":118}},"4":{"start":{"line":5,"column":0},"end":{"line":5,"column":72}},"5":{"start":{"line":7,"column":44},"end":{"line":15,"column":2}},"6":{"start":{"line":17,"column":15},"end":{"line":17,"column":29}},"7":{"start":{"line":21,"column":13},"end":{"line":28,"column":2}},"8":{"start":{"line":23,"column":47},"end":{"line":26,"column":null}},"9":{"start":{"line":24,"column":23},"end":{"line":24,"column":126}},"10":{"start":{"line":25,"column":4},"end":{"line":25,"column":45}},"11":{"start":{"line":30,"column":13},"end":{"line":37,"column":2}},"12":{"start":{"line":32,"column":32},"end":{"line":35,"column":null}},"13":{"start":{"line":33,"column":23},"end":{"line":33,"column":40}},"14":{"start":{"line":34,"column":4},"end":{"line":34,"column":43}},"15":{"start":{"line":39,"column":13},"end":{"line":47,"column":2}},"16":{"start":{"line":41,"column":39},"end":{"line":45,"column":null}},"17":{"start":{"line":42,"column":19},"end":{"line":42,"column":74}},"18":{"start":{"line":43,"column":4},"end":{"line":43,"column":39}},"19":{"start":{"line":44,"column":4},"end":{"line":44,"column":18}},"20":{"start":{"line":49,"column":13},"end":{"line":57,"column":2}},"21":{"start":{"line":51,"column":39},"end":{"line":55,"column":null}},"22":{"start":{"line":52,"column":19},"end":{"line":52,"column":91}},"23":{"start":{"line":53,"column":4},"end":{"line":53,"column":39}},"24":{"start":{"line":54,"column":4},"end":{"line":54,"column":18}},"25":{"start":{"line":59,"column":13},"end":{"line":67,"column":2}},"26":{"start":{"line":61,"column":39},"end":{"line":65,"column":null}},"27":{"start":{"line":62,"column":19},"end":{"line":62,"column":93}},"28":{"start":{"line":63,"column":4},"end":{"line":63,"column":39}},"29":{"start":{"line":64,"column":4},"end":{"line":64,"column":18}},"30":{"start":{"line":69,"column":13},"end":{"line":78,"column":2}},"31":{"start":{"line":71,"column":42},"end":{"line":76,"column":null}},"32":{"start":{"line":72,"column":23},"end":{"line":72,"column":40}},"33":{"start":{"line":73,"column":19},"end":{"line":73,"column":59}},"34":{"start":{"line":74,"column":4},"end":{"line":74,"column":39}},"35":{"start":{"line":75,"column":4},"end":{"line":75,"column":18}},"36":{"start":{"line":82,"column":13},"end":{"line":123,"column":3}},"37":{"start":{"line":86,"column":4},"end":{"line":121,"column":9}},"38":{"start":{"line":88,"column":8},"end":{"line":88,"column":30}},"39":{"start":{"line":89,"column":8},"end":{"line":89,"column":43}},"40":{"start":{"line":92,"column":8},"end":{"line":92,"column":31}},"41":{"start":{"line":93,"column":8},"end":{"line":93,"column":35}},"42":{"start":{"line":94,"column":8},"end":{"line":94,"column":26}},"43":{"start":{"line":97,"column":34},"end":{"line":97,"column":48}},"44":{"start":{"line":99,"column":8},"end":{"line":103,"column":null}},"45":{"start":{"line":107,"column":8},"end":{"line":107,"column":31}},"46":{"start":{"line":108,"column":8},"end":{"line":108,"column":30}},"47":{"start":{"line":109,"column":8},"end":{"line":109,"column":35}},"48":{"start":{"line":110,"column":8},"end":{"line":110,"column":43}},"49":{"start":{"line":113,"column":8},"end":{"line":113,"column":34}},"50":{"start":{"line":114,"column":8},"end":{"line":114,"column":36}},"51":{"start":{"line":115,"column":8},"end":{"line":115,"column":29}},"52":{"start":{"line":118,"column":8},"end":{"line":118,"column":34}},"53":{"start":{"line":119,"column":8},"end":{"line":119,"column":36}},"54":{"start":{"line":120,"column":8},"end":{"line":120,"column":30}},"55":{"start":{"line":125,"column":15},"end":{"line":125,"column":46}},"56":{"start":{"line":128,"column":0},"end":{"line":128,"column":36}}},"fnMap":{"0":{"name":"(anonymous_0)","decl":{"start":{"line":23,"column":2},"end":{"line":23,"column":9}},"loc":{"start":{"line":23,"column":47},"end":{"line":26,"column":null}}},"1":{"name":"(anonymous_1)","decl":{"start":{"line":23,"column":47},"end":{"line":23,"column":null}},"loc":{"start":{"line":23,"column":43},"end":{"line":26,"column":3}}},"2":{"name":"(anonymous_2)","decl":{"start":{"line":32,"column":2},"end":{"line":32,"column":9}},"loc":{"start":{"line":32,"column":32},"end":{"line":35,"column":null}}},"3":{"name":"(anonymous_3)","decl":{"start":{"line":32,"column":32},"end":{"line":32,"column":null}},"loc":{"start":{"line":32,"column":32},"end":{"line":35,"column":3}}},"4":{"name":"(anonymous_4)","decl":{"start":{"line":41,"column":2},"end":{"line":41,"column":9}},"loc":{"start":{"line":41,"column":39},"end":{"line":45,"column":null}}},"5":{"name":"(anonymous_5)","decl":{"start":{"line":41,"column":39},"end":{"line":41,"column":null}},"loc":{"start":{"line":41,"column":39},"end":{"line":45,"column":3}}},"6":{"name":"(anonymous_6)","decl":{"start":{"line":51,"column":2},"end":{"line":51,"column":9}},"loc":{"start":{"line":51,"column":39},"end":{"line":55,"column":null}}},"7":{"name":"(anonymous_7)","decl":{"start":{"line":51,"column":39},"end":{"line":51,"column":null}},"loc":{"start":{"line":51,"column":39},"end":{"line":55,"column":3}}},"8":{"name":"(anonymous_8)","decl":{"start":{"line":61,"column":2},"end":{"line":61,"column":9}},"loc":{"start":{"line":61,"column":39},"end":{"line":65,"column":null}}},"9":{"name":"(anonymous_9)","decl":{"start":{"line":61,"column":39},"end":{"line":61,"column":null}},"loc":{"start":{"line":61,"column":39},"end":{"line":65,"column":3}}},"10":{"name":"(anonymous_10)","decl":{"start":{"line":71,"column":2},"end":{"line":71,"column":9}},"loc":{"start":{"line":71,"column":42},"end":{"line":76,"column":null}}},"11":{"name":"(anonymous_11)","decl":{"start":{"line":71,"column":42},"end":{"line":71,"column":null}},"loc":{"start":{"line":71,"column":42},"end":{"line":76,"column":3}}},"12":{"name":"(anonymous_12)","decl":{"start":{"line":85,"column":2},"end":{"line":85,"column":15}},"loc":{"start":{"line":85,"column":23},"end":{"line":122,"column":3}}},"13":{"name":"(anonymous_13)","decl":{"start":{"line":87,"column":36},"end":{"line":87,"column":37}},"loc":{"start":{"line":87,"column":54},"end":{"line":90,"column":7}}},"14":{"name":"(anonymous_14)","decl":{"start":{"line":91,"column":39},"end":{"line":91,"column":44}},"loc":{"start":{"line":91,"column":47},"end":{"line":95,"column":7}}},"15":{"name":"(anonymous_15)","decl":{"start":{"line":96,"column":44},"end":{"line":96,"column":45}},"loc":{"start":{"line":96,"column":62},"end":{"line":105,"column":7}}},"16":{"name":"(anonymous_16)","decl":{"start":{"line":106,"column":80},"end":{"line":106,"column":81}},"loc":{"start":{"line":106,"column":98},"end":{"line":111,"column":7}}},"17":{"name":"(anonymous_17)","decl":{"start":{"line":112,"column":53},"end":{"line":112,"column":58}},"loc":{"start":{"line":112,"column":61},"end":{"line":116,"column":7}}},"18":{"name":"(anonymous_18)","decl":{"start":{"line":117,"column":92},"end":{"line":117,"column":97}},"loc":{"start":{"line":117,"column":100},"end":{"line":121,"column":7}}}},"branchMap":{"0":{"loc":{"start":{"line":24,"column":36},"end":{"line":24,"column":89}},"type":"cond-expr","locations":[{"start":{"line":24,"column":43},"end":{"line":24,"column":84}},{"start":{"line":24,"column":87},"end":{"line":24,"column":89}}]}},"s":{"0":3,"1":3,"2":3,"3":3,"4":3,"5":3,"6":3,"7":3,"8":1,"9":1,"10":1,"11":3,"12":1,"13":1,"14":1,"15":3,"16":1,"17":1,"18":1,"19":1,"20":3,"21":1,"22":1,"23":1,"24":1,"25":3,"26":1,"27":1,"28":1,"29":1,"30":3,"31":1,"32":1,"33":1,"34":1,"35":1,"36":3,"37":3,"38":1,"39":1,"40":1,"41":1,"42":1,"43":1,"44":1,"45":1,"46":1,"47":1,"48":1,"49":2,"50":2,"51":2,"52":4,"53":4,"54":4,"55":3,"56":3},"f":{"0":1,"1":1,"2":1,"3":1,"4":1,"5":1,"6":1,"7":1,"8":1,"9":1,"10":1,"11":1,"12":3,"13":1,"14":1,"15":1,"16":1,"17":2,"18":4},"b":{"0":[0,1]}}
,"/Users/pcco056/Documents/Cours ITU/ribouchon/magicventestock/src/main/webapp/app/entities/produit-jour/produit-jour.reducer.ts": {"path":"/Users/pcco056/Documents/Cours ITU/ribouchon/magicventestock/src/main/webapp/app/entities/produit-jour/produit-jour.reducer.ts","statementMap":{"0":{"start":{"line":1,"column":0},"end":{"line":1,"column":26}},"1":{"start":{"line":2,"column":0},"end":{"line":2,"column":76}},"2":{"start":{"line":3,"column":0},"end":{"line":3,"column":59}},"3":{"start":{"line":4,"column":0},"end":{"line":4,"column":118}},"4":{"start":{"line":5,"column":0},"end":{"line":5,"column":81}},"5":{"start":{"line":7,"column":48},"end":{"line":15,"column":2}},"6":{"start":{"line":17,"column":15},"end":{"line":17,"column":34}},"7":{"start":{"line":21,"column":13},"end":{"line":28,"column":2}},"8":{"start":{"line":23,"column":47},"end":{"line":26,"column":null}},"9":{"start":{"line":24,"column":23},"end":{"line":24,"column":126}},"10":{"start":{"line":25,"column":4},"end":{"line":25,"column":49}},"11":{"start":{"line":30,"column":13},"end":{"line":37,"column":2}},"12":{"start":{"line":32,"column":32},"end":{"line":35,"column":null}},"13":{"start":{"line":33,"column":23},"end":{"line":33,"column":40}},"14":{"start":{"line":34,"column":4},"end":{"line":34,"column":47}},"15":{"start":{"line":39,"column":13},"end":{"line":47,"column":2}},"16":{"start":{"line":41,"column":43},"end":{"line":45,"column":null}},"17":{"start":{"line":42,"column":19},"end":{"line":42,"column":78}},"18":{"start":{"line":43,"column":4},"end":{"line":43,"column":39}},"19":{"start":{"line":44,"column":4},"end":{"line":44,"column":18}},"20":{"start":{"line":49,"column":13},"end":{"line":57,"column":2}},"21":{"start":{"line":51,"column":43},"end":{"line":55,"column":null}},"22":{"start":{"line":52,"column":19},"end":{"line":52,"column":95}},"23":{"start":{"line":53,"column":4},"end":{"line":53,"column":39}},"24":{"start":{"line":54,"column":4},"end":{"line":54,"column":18}},"25":{"start":{"line":59,"column":13},"end":{"line":67,"column":2}},"26":{"start":{"line":61,"column":43},"end":{"line":65,"column":null}},"27":{"start":{"line":62,"column":19},"end":{"line":62,"column":97}},"28":{"start":{"line":63,"column":4},"end":{"line":63,"column":39}},"29":{"start":{"line":64,"column":4},"end":{"line":64,"column":18}},"30":{"start":{"line":69,"column":13},"end":{"line":78,"column":2}},"31":{"start":{"line":71,"column":42},"end":{"line":76,"column":null}},"32":{"start":{"line":72,"column":23},"end":{"line":72,"column":40}},"33":{"start":{"line":73,"column":19},"end":{"line":73,"column":63}},"34":{"start":{"line":74,"column":4},"end":{"line":74,"column":39}},"35":{"start":{"line":75,"column":4},"end":{"line":75,"column":18}},"36":{"start":{"line":82,"column":13},"end":{"line":123,"column":3}},"37":{"start":{"line":86,"column":4},"end":{"line":121,"column":9}},"38":{"start":{"line":88,"column":8},"end":{"line":88,"column":30}},"39":{"start":{"line":89,"column":8},"end":{"line":89,"column":43}},"40":{"start":{"line":92,"column":8},"end":{"line":92,"column":31}},"41":{"start":{"line":93,"column":8},"end":{"line":93,"column":35}},"42":{"start":{"line":94,"column":8},"end":{"line":94,"column":26}},"43":{"start":{"line":97,"column":34},"end":{"line":97,"column":48}},"44":{"start":{"line":99,"column":8},"end":{"line":103,"column":null}},"45":{"start":{"line":107,"column":8},"end":{"line":107,"column":31}},"46":{"start":{"line":108,"column":8},"end":{"line":108,"column":30}},"47":{"start":{"line":109,"column":8},"end":{"line":109,"column":35}},"48":{"start":{"line":110,"column":8},"end":{"line":110,"column":43}},"49":{"start":{"line":113,"column":8},"end":{"line":113,"column":34}},"50":{"start":{"line":114,"column":8},"end":{"line":114,"column":36}},"51":{"start":{"line":115,"column":8},"end":{"line":115,"column":29}},"52":{"start":{"line":118,"column":8},"end":{"line":118,"column":34}},"53":{"start":{"line":119,"column":8},"end":{"line":119,"column":36}},"54":{"start":{"line":120,"column":8},"end":{"line":120,"column":30}},"55":{"start":{"line":125,"column":15},"end":{"line":125,"column":50}},"56":{"start":{"line":128,"column":0},"end":{"line":128,"column":40}}},"fnMap":{"0":{"name":"(anonymous_0)","decl":{"start":{"line":23,"column":2},"end":{"line":23,"column":9}},"loc":{"start":{"line":23,"column":47},"end":{"line":26,"column":null}}},"1":{"name":"(anonymous_1)","decl":{"start":{"line":23,"column":47},"end":{"line":23,"column":null}},"loc":{"start":{"line":23,"column":43},"end":{"line":26,"column":3}}},"2":{"name":"(anonymous_2)","decl":{"start":{"line":32,"column":2},"end":{"line":32,"column":9}},"loc":{"start":{"line":32,"column":32},"end":{"line":35,"column":null}}},"3":{"name":"(anonymous_3)","decl":{"start":{"line":32,"column":32},"end":{"line":32,"column":null}},"loc":{"start":{"line":32,"column":32},"end":{"line":35,"column":3}}},"4":{"name":"(anonymous_4)","decl":{"start":{"line":41,"column":2},"end":{"line":41,"column":9}},"loc":{"start":{"line":41,"column":43},"end":{"line":45,"column":null}}},"5":{"name":"(anonymous_5)","decl":{"start":{"line":41,"column":43},"end":{"line":41,"column":null}},"loc":{"start":{"line":41,"column":43},"end":{"line":45,"column":3}}},"6":{"name":"(anonymous_6)","decl":{"start":{"line":51,"column":2},"end":{"line":51,"column":9}},"loc":{"start":{"line":51,"column":43},"end":{"line":55,"column":null}}},"7":{"name":"(anonymous_7)","decl":{"start":{"line":51,"column":43},"end":{"line":51,"column":null}},"loc":{"start":{"line":51,"column":43},"end":{"line":55,"column":3}}},"8":{"name":"(anonymous_8)","decl":{"start":{"line":61,"column":2},"end":{"line":61,"column":9}},"loc":{"start":{"line":61,"column":43},"end":{"line":65,"column":null}}},"9":{"name":"(anonymous_9)","decl":{"start":{"line":61,"column":43},"end":{"line":61,"column":null}},"loc":{"start":{"line":61,"column":43},"end":{"line":65,"column":3}}},"10":{"name":"(anonymous_10)","decl":{"start":{"line":71,"column":2},"end":{"line":71,"column":9}},"loc":{"start":{"line":71,"column":42},"end":{"line":76,"column":null}}},"11":{"name":"(anonymous_11)","decl":{"start":{"line":71,"column":42},"end":{"line":71,"column":null}},"loc":{"start":{"line":71,"column":42},"end":{"line":76,"column":3}}},"12":{"name":"(anonymous_12)","decl":{"start":{"line":85,"column":2},"end":{"line":85,"column":15}},"loc":{"start":{"line":85,"column":23},"end":{"line":122,"column":3}}},"13":{"name":"(anonymous_13)","decl":{"start":{"line":87,"column":36},"end":{"line":87,"column":37}},"loc":{"start":{"line":87,"column":54},"end":{"line":90,"column":7}}},"14":{"name":"(anonymous_14)","decl":{"start":{"line":91,"column":39},"end":{"line":91,"column":44}},"loc":{"start":{"line":91,"column":47},"end":{"line":95,"column":7}}},"15":{"name":"(anonymous_15)","decl":{"start":{"line":96,"column":44},"end":{"line":96,"column":45}},"loc":{"start":{"line":96,"column":62},"end":{"line":105,"column":7}}},"16":{"name":"(anonymous_16)","decl":{"start":{"line":106,"column":80},"end":{"line":106,"column":81}},"loc":{"start":{"line":106,"column":98},"end":{"line":111,"column":7}}},"17":{"name":"(anonymous_17)","decl":{"start":{"line":112,"column":53},"end":{"line":112,"column":58}},"loc":{"start":{"line":112,"column":61},"end":{"line":116,"column":7}}},"18":{"name":"(anonymous_18)","decl":{"start":{"line":117,"column":92},"end":{"line":117,"column":97}},"loc":{"start":{"line":117,"column":100},"end":{"line":121,"column":7}}}},"branchMap":{"0":{"loc":{"start":{"line":24,"column":36},"end":{"line":24,"column":89}},"type":"cond-expr","locations":[{"start":{"line":24,"column":43},"end":{"line":24,"column":84}},{"start":{"line":24,"column":87},"end":{"line":24,"column":89}}]}},"s":{"0":3,"1":3,"2":3,"3":3,"4":3,"5":3,"6":3,"7":3,"8":1,"9":1,"10":1,"11":3,"12":1,"13":1,"14":1,"15":3,"16":1,"17":1,"18":1,"19":1,"20":3,"21":1,"22":1,"23":1,"24":1,"25":3,"26":1,"27":1,"28":1,"29":1,"30":3,"31":1,"32":1,"33":1,"34":1,"35":1,"36":3,"37":3,"38":1,"39":1,"40":1,"41":1,"42":1,"43":1,"44":1,"45":1,"46":1,"47":1,"48":1,"49":2,"50":2,"51":2,"52":4,"53":4,"54":4,"55":3,"56":3},"f":{"0":1,"1":1,"2":1,"3":1,"4":1,"5":1,"6":1,"7":1,"8":1,"9":1,"10":1,"11":1,"12":3,"13":1,"14":1,"15":1,"16":1,"17":2,"18":4},"b":{"0":[0,1]}}
,"/Users/pcco056/Documents/Cours ITU/ribouchon/magicventestock/src/main/webapp/app/modules/account/activate/activate.reducer.ts": {"path":"/Users/pcco056/Documents/Cours ITU/ribouchon/magicventestock/src/main/webapp/app/modules/account/activate/activate.reducer.ts","statementMap":{"0":{"start":{"line":1,"column":0},"end":{"line":1,"column":26}},"1":{"start":{"line":2,"column":0},"end":{"line":2,"column":65}},"2":{"start":{"line":4,"column":0},"end":{"line":4,"column":72}},"3":{"start":{"line":6,"column":21},"end":{"line":9,"column":2}},"4":{"start":{"line":15,"column":13},"end":{"line":17,"column":3}},"5":{"start":{"line":15,"column":98},"end":{"line":15,"column":137}},"6":{"start":{"line":15,"column":99},"end":{"line":15,"column":137}},"7":{"start":{"line":19,"column":13},"end":{"line":37,"column":3}},"8":{"start":{"line":24,"column":6},"end":{"line":24,"column":26}},"9":{"start":{"line":28,"column":4},"end":{"line":35,"column":9}},"10":{"start":{"line":29,"column":45},"end":{"line":29,"column":57}},"11":{"start":{"line":31,"column":8},"end":{"line":31,"column":39}},"12":{"start":{"line":34,"column":8},"end":{"line":34,"column":39}},"13":{"start":{"line":39,"column":15},"end":{"line":39,"column":47}},"14":{"start":{"line":42,"column":0},"end":{"line":42,"column":37}}},"fnMap":{"0":{"name":"(anonymous_0)","decl":{"start":{"line":15,"column":76},"end":{"line":15,"column":83}},"loc":{"start":{"line":15,"column":98},"end":{"line":15,"column":137}}},"1":{"name":"(anonymous_1)","decl":{"start":{"line":15,"column":98},"end":{"line":15,"column":99}},"loc":{"start":{"line":15,"column":98},"end":{"line":15,"column":137}}},"2":{"name":"(anonymous_2)","decl":{"start":{"line":23,"column":4},"end":{"line":23,"column":9}},"loc":{"start":{"line":23,"column":9},"end":{"line":25,"column":5}}},"3":{"name":"(anonymous_3)","decl":{"start":{"line":27,"column":2},"end":{"line":27,"column":15}},"loc":{"start":{"line":27,"column":23},"end":{"line":36,"column":3}}},"4":{"name":"(anonymous_4)","decl":{"start":{"line":29,"column":39},"end":{"line":29,"column":42}},"loc":{"start":{"line":29,"column":45},"end":{"line":29,"column":57}}},"5":{"name":"(anonymous_5)","decl":{"start":{"line":30,"column":40},"end":{"line":30,"column":45}},"loc":{"start":{"line":30,"column":48},"end":{"line":32,"column":7}}},"6":{"name":"(anonymous_6)","decl":{"start":{"line":33,"column":41},"end":{"line":33,"column":46}},"loc":{"start":{"line":33,"column":49},"end":{"line":35,"column":7}}}},"branchMap":{},"s":{"0":3,"1":3,"2":3,"3":3,"4":3,"5":1,"6":1,"7":3,"8":2,"9":3,"10":1,"11":1,"12":1,"13":3,"14":3},"f":{"0":1,"1":1,"2":2,"3":3,"4":1,"5":1,"6":1},"b":{}}
,"/Users/pcco056/Documents/Cours ITU/ribouchon/magicventestock/src/main/webapp/app/modules/account/password/password.reducer.ts": {"path":"/Users/pcco056/Documents/Cours ITU/ribouchon/magicventestock/src/main/webapp/app/modules/account/password/password.reducer.ts","statementMap":{"0":{"start":{"line":1,"column":0},"end":{"line":1,"column":26}},"1":{"start":{"line":2,"column":0},"end":{"line":2,"column":65}},"2":{"start":{"line":4,"column":0},"end":{"line":4,"column":72}},"3":{"start":{"line":6,"column":21},"end":{"line":12,"column":2}},"4":{"start":{"line":16,"column":15},"end":{"line":16,"column":28}},"5":{"start":{"line":25,"column":13},"end":{"line":29,"column":2}},"6":{"start":{"line":27,"column":32},"end":{"line":27,"column":null}},"7":{"start":{"line":27,"column":33},"end":{"line":27,"column":null}},"8":{"start":{"line":31,"column":13},"end":{"line":59,"column":3}},"9":{"start":{"line":36,"column":6},"end":{"line":36,"column":26}},"10":{"start":{"line":40,"column":4},"end":{"line":57,"column":9}},"11":{"start":{"line":42,"column":8},"end":{"line":42,"column":34}},"12":{"start":{"line":43,"column":8},"end":{"line":43,"column":36}},"13":{"start":{"line":44,"column":8},"end":{"line":44,"column":29}},"14":{"start":{"line":47,"column":8},"end":{"line":47,"column":30}},"15":{"start":{"line":48,"column":8},"end":{"line":48,"column":36}},"16":{"start":{"line":49,"column":8},"end":{"line":49,"column":35}},"17":{"start":{"line":50,"column":8},"end":{"line":50,"column":89}},"18":{"start":{"line":53,"column":8},"end":{"line":53,"column":30}},"19":{"start":{"line":54,"column":8},"end":{"line":54,"column":35}},"20":{"start":{"line":55,"column":8},"end":{"line":55,"column":36}},"21":{"start":{"line":56,"column":8},"end":{"line":56,"column":51}},"22":{"start":{"line":61,"column":15},"end":{"line":61,"column":47}},"23":{"start":{"line":64,"column":0},"end":{"line":64,"column":37}}},"fnMap":{"0":{"name":"(anonymous_0)","decl":{"start":{"line":27,"column":2},"end":{"line":27,"column":9}},"loc":{"start":{"line":27,"column":32},"end":{"line":27,"column":null}}},"1":{"name":"(anonymous_1)","decl":{"start":{"line":27,"column":32},"end":{"line":27,"column":33}},"loc":{"start":{"line":27,"column":32},"end":{"line":27,"column":null}}},"2":{"name":"(anonymous_2)","decl":{"start":{"line":35,"column":4},"end":{"line":35,"column":9}},"loc":{"start":{"line":35,"column":9},"end":{"line":37,"column":5}}},"3":{"name":"(anonymous_3)","decl":{"start":{"line":39,"column":2},"end":{"line":39,"column":15}},"loc":{"start":{"line":39,"column":23},"end":{"line":58,"column":3}}},"4":{"name":"(anonymous_4)","decl":{"start":{"line":41,"column":37},"end":{"line":41,"column":42}},"loc":{"start":{"line":41,"column":45},"end":{"line":45,"column":7}}},"5":{"name":"(anonymous_5)","decl":{"start":{"line":46,"column":38},"end":{"line":46,"column":43}},"loc":{"start":{"line":46,"column":46},"end":{"line":51,"column":7}}},"6":{"name":"(anonymous_6)","decl":{"start":{"line":52,"column":39},"end":{"line":52,"column":44}},"loc":{"start":{"line":52,"column":47},"end":{"line":57,"column":7}}}},"branchMap":{},"s":{"0":3,"1":3,"2":3,"3":3,"4":3,"5":3,"6":1,"7":1,"8":3,"9":1,"10":3,"11":1,"12":1,"13":1,"14":1,"15":1,"16":1,"17":1,"18":1,"19":1,"20":1,"21":1,"22":3,"23":3},"f":{"0":1,"1":1,"2":1,"3":3,"4":1,"5":1,"6":1},"b":{}}
,"/Users/pcco056/Documents/Cours ITU/ribouchon/magicventestock/src/main/webapp/app/modules/account/password-reset/password-reset.reducer.ts": {"path":"/Users/pcco056/Documents/Cours ITU/ribouchon/magicventestock/src/main/webapp/app/modules/account/password-reset/password-reset.reducer.ts","statementMap":{"0":{"start":{"line":1,"column":0},"end":{"line":1,"column":26}},"1":{"start":{"line":2,"column":0},"end":{"line":2,"column":88}},"2":{"start":{"line":4,"column":0},"end":{"line":4,"column":72}},"3":{"start":{"line":6,"column":21},"end":{"line":11,"column":2}},"4":{"start":{"line":15,"column":15},"end":{"line":15,"column":43}},"5":{"start":{"line":18,"column":13},"end":{"line":23,"column":2}},"6":{"start":{"line":21,"column":25},"end":{"line":21,"column":null}},"7":{"start":{"line":21,"column":26},"end":{"line":21,"column":null}},"8":{"start":{"line":25,"column":13},"end":{"line":29,"column":2}},"9":{"start":{"line":27,"column":55},"end":{"line":27,"column":null}},"10":{"start":{"line":27,"column":56},"end":{"line":27,"column":null}},"11":{"start":{"line":31,"column":13},"end":{"line":62,"column":3}},"12":{"start":{"line":36,"column":6},"end":{"line":36,"column":26}},"13":{"start":{"line":40,"column":4},"end":{"line":60,"column":10}},"14":{"start":{"line":41,"column":56},"end":{"line":45,"column":null}},"15":{"start":{"line":47,"column":58},"end":{"line":51,"column":null}},"16":{"start":{"line":54,"column":8},"end":{"line":54,"column":29}},"17":{"start":{"line":56,"column":88},"end":{"line":59,"column":null}},"18":{"start":{"line":64,"column":15},"end":{"line":64,"column":52}},"19":{"start":{"line":67,"column":0},"end":{"line":67,"column":42}}},"fnMap":{"0":{"name":"(anonymous_0)","decl":{"start":{"line":21,"column":2},"end":{"line":21,"column":9}},"loc":{"start":{"line":21,"column":25},"end":{"line":21,"column":null}}},"1":{"name":"(anonymous_1)","decl":{"start":{"line":21,"column":25},"end":{"line":21,"column":26}},"loc":{"start":{"line":21,"column":25},"end":{"line":21,"column":null}}},"2":{"name":"(anonymous_2)","decl":{"start":{"line":27,"column":2},"end":{"line":27,"column":9}},"loc":{"start":{"line":27,"column":55},"end":{"line":27,"column":null}}},"3":{"name":"(anonymous_3)","decl":{"start":{"line":27,"column":55},"end":{"line":27,"column":56}},"loc":{"start":{"line":27,"column":55},"end":{"line":27,"column":null}}},"4":{"name":"(anonymous_4)","decl":{"start":{"line":35,"column":4},"end":{"line":35,"column":9}},"loc":{"start":{"line":35,"column":9},"end":{"line":37,"column":5}}},"5":{"name":"(anonymous_5)","decl":{"start":{"line":39,"column":2},"end":{"line":39,"column":15}},"loc":{"start":{"line":39,"column":23},"end":{"line":61,"column":3}}},"6":{"name":"(anonymous_6)","decl":{"start":{"line":41,"column":50},"end":{"line":41,"column":53}},"loc":{"start":{"line":41,"column":56},"end":{"line":45,"column":null}}},"7":{"name":"(anonymous_7)","decl":{"start":{"line":47,"column":52},"end":{"line":47,"column":55}},"loc":{"start":{"line":47,"column":58},"end":{"line":51,"column":null}}},"8":{"name":"(anonymous_8)","decl":{"start":{"line":53,"column":81},"end":{"line":53,"column":86}},"loc":{"start":{"line":53,"column":89},"end":{"line":55,"column":7}}},"9":{"name":"(anonymous_9)","decl":{"start":{"line":56,"column":82},"end":{"line":56,"column":85}},"loc":{"start":{"line":56,"column":88},"end":{"line":59,"column":null}}}},"branchMap":{},"s":{"0":2,"1":2,"2":2,"3":2,"4":2,"5":2,"6":0,"7":0,"8":2,"9":0,"10":0,"11":2,"12":0,"13":2,"14":0,"15":0,"16":0,"17":0,"18":2,"19":2},"f":{"0":0,"1":0,"2":0,"3":0,"4":0,"5":2,"6":0,"7":0,"8":0,"9":0},"b":{}}
,"/Users/pcco056/Documents/Cours ITU/ribouchon/magicventestock/src/main/webapp/app/modules/account/register/register.reducer.ts": {"path":"/Users/pcco056/Documents/Cours ITU/ribouchon/magicventestock/src/main/webapp/app/modules/account/register/register.reducer.ts","statementMap":{"0":{"start":{"line":1,"column":0},"end":{"line":1,"column":26}},"1":{"start":{"line":2,"column":0},"end":{"line":2,"column":65}},"2":{"start":{"line":4,"column":0},"end":{"line":4,"column":72}},"3":{"start":{"line":6,"column":21},"end":{"line":12,"column":2}},"4":{"start":{"line":18,"column":13},"end":{"line":22,"column":2}},"5":{"start":{"line":20,"column":87},"end":{"line":20,"column":null}},"6":{"start":{"line":20,"column":88},"end":{"line":20,"column":null}},"7":{"start":{"line":24,"column":13},"end":{"line":48,"column":3}},"8":{"start":{"line":29,"column":6},"end":{"line":29,"column":26}},"9":{"start":{"line":33,"column":4},"end":{"line":46,"column":10}},"10":{"start":{"line":35,"column":8},"end":{"line":35,"column":29}},"11":{"start":{"line":37,"column":59},"end":{"line":40,"column":null}},"12":{"start":{"line":42,"column":47},"end":{"line":45,"column":null}},"13":{"start":{"line":50,"column":15},"end":{"line":50,"column":47}},"14":{"start":{"line":53,"column":0},"end":{"line":53,"column":37}}},"fnMap":{"0":{"name":"(anonymous_0)","decl":{"start":{"line":20,"column":2},"end":{"line":20,"column":9}},"loc":{"start":{"line":20,"column":87},"end":{"line":20,"column":null}}},"1":{"name":"(anonymous_1)","decl":{"start":{"line":20,"column":87},"end":{"line":20,"column":88}},"loc":{"start":{"line":20,"column":87},"end":{"line":20,"column":null}}},"2":{"name":"(anonymous_2)","decl":{"start":{"line":28,"column":4},"end":{"line":28,"column":9}},"loc":{"start":{"line":28,"column":9},"end":{"line":30,"column":5}}},"3":{"name":"(anonymous_3)","decl":{"start":{"line":32,"column":2},"end":{"line":32,"column":15}},"loc":{"start":{"line":32,"column":23},"end":{"line":47,"column":3}}},"4":{"name":"(anonymous_4)","decl":{"start":{"line":34,"column":39},"end":{"line":34,"column":44}},"loc":{"start":{"line":34,"column":47},"end":{"line":36,"column":7}}},"5":{"name":"(anonymous_5)","decl":{"start":{"line":37,"column":40},"end":{"line":37,"column":41}},"loc":{"start":{"line":37,"column":59},"end":{"line":40,"column":null}}},"6":{"name":"(anonymous_6)","decl":{"start":{"line":42,"column":41},"end":{"line":42,"column":44}},"loc":{"start":{"line":42,"column":47},"end":{"line":45,"column":null}}}},"branchMap":{},"s":{"0":3,"1":3,"2":3,"3":3,"4":3,"5":1,"6":1,"7":3,"8":1,"9":3,"10":1,"11":1,"12":1,"13":3,"14":3},"f":{"0":1,"1":1,"2":1,"3":3,"4":1,"5":1,"6":1},"b":{}}
,"/Users/pcco056/Documents/Cours ITU/ribouchon/magicventestock/src/main/webapp/app/modules/account/settings/settings.reducer.ts": {"path":"/Users/pcco056/Documents/Cours ITU/ribouchon/magicventestock/src/main/webapp/app/modules/account/settings/settings.reducer.ts","statementMap":{"0":{"start":{"line":1,"column":0},"end":{"line":1,"column":26}},"1":{"start":{"line":2,"column":0},"end":{"line":2,"column":65}},"2":{"start":{"line":4,"column":0},"end":{"line":4,"column":64}},"3":{"start":{"line":6,"column":0},"end":{"line":6,"column":72}},"4":{"start":{"line":8,"column":21},"end":{"line":14,"column":2}},"5":{"start":{"line":19,"column":15},"end":{"line":19,"column":28}},"6":{"start":{"line":21,"column":63},"end":{"line":25,"column":2}},"7":{"start":{"line":21,"column":74},"end":{"line":25,"column":2}},"8":{"start":{"line":21,"column":91},"end":{"line":25,"column":2}},"9":{"start":{"line":22,"column":2},"end":{"line":22,"column":41}},"10":{"start":{"line":24,"column":2},"end":{"line":24,"column":25}},"11":{"start":{"line":21,"column":13},"end":{"line":21,"column":63}},"12":{"start":{"line":27,"column":13},"end":{"line":29,"column":3}},"13":{"start":{"line":27,"column":96},"end":{"line":27,"column":131}},"14":{"start":{"line":27,"column":97},"end":{"line":27,"column":131}},"15":{"start":{"line":31,"column":13},"end":{"line":58,"column":3}},"16":{"start":{"line":36,"column":6},"end":{"line":36,"column":26}},"17":{"start":{"line":40,"column":4},"end":{"line":56,"column":9}},"18":{"start":{"line":42,"column":8},"end":{"line":42,"column":29}},"19":{"start":{"line":43,"column":8},"end":{"line":43,"column":34}},"20":{"start":{"line":44,"column":8},"end":{"line":44,"column":36}},"21":{"start":{"line":47,"column":8},"end":{"line":47,"column":30}},"22":{"start":{"line":48,"column":8},"end":{"line":48,"column":36}},"23":{"start":{"line":49,"column":8},"end":{"line":49,"column":35}},"24":{"start":{"line":52,"column":8},"end":{"line":52,"column":30}},"25":{"start":{"line":53,"column":8},"end":{"line":53,"column":35}},"26":{"start":{"line":54,"column":8},"end":{"line":54,"column":36}},"27":{"start":{"line":55,"column":8},"end":{"line":55,"column":49}},"28":{"start":{"line":60,"column":15},"end":{"line":60,"column":47}},"29":{"start":{"line":63,"column":0},"end":{"line":63,"column":37}}},"fnMap":{"0":{"name":"(anonymous_0)","decl":{"start":{"line":21,"column":63},"end":{"line":21,"column":70}},"loc":{"start":{"line":21,"column":74},"end":{"line":25,"column":2}}},"1":{"name":"(anonymous_1)","decl":{"start":{"line":21,"column":74},"end":{"line":21,"column":80}},"loc":{"start":{"line":21,"column":91},"end":{"line":25,"column":2}}},"2":{"name":"(anonymous_2)","decl":{"start":{"line":21,"column":91},"end":{"line":21,"column":null}},"loc":{"start":{"line":21,"column":91},"end":{"line":25,"column":1}}},"3":{"name":"(anonymous_3)","decl":{"start":{"line":27,"column":73},"end":{"line":27,"column":80}},"loc":{"start":{"line":27,"column":96},"end":{"line":27,"column":131}}},"4":{"name":"(anonymous_4)","decl":{"start":{"line":27,"column":96},"end":{"line":27,"column":97}},"loc":{"start":{"line":27,"column":96},"end":{"line":27,"column":131}}},"5":{"name":"(anonymous_5)","decl":{"start":{"line":35,"column":4},"end":{"line":35,"column":9}},"loc":{"start":{"line":35,"column":9},"end":{"line":37,"column":5}}},"6":{"name":"(anonymous_6)","decl":{"start":{"line":39,"column":2},"end":{"line":39,"column":15}},"loc":{"start":{"line":39,"column":23},"end":{"line":57,"column":3}}},"7":{"name":"(anonymous_7)","decl":{"start":{"line":41,"column":38},"end":{"line":41,"column":43}},"loc":{"start":{"line":41,"column":46},"end":{"line":45,"column":7}}},"8":{"name":"(anonymous_8)","decl":{"start":{"line":46,"column":39},"end":{"line":46,"column":44}},"loc":{"start":{"line":46,"column":47},"end":{"line":50,"column":7}}},"9":{"name":"(anonymous_9)","decl":{"start":{"line":51,"column":40},"end":{"line":51,"column":45}},"loc":{"start":{"line":51,"column":48},"end":{"line":56,"column":7}}}},"branchMap":{},"s":{"0":3,"1":3,"2":3,"3":3,"4":3,"5":3,"6":3,"7":0,"8":0,"9":0,"10":0,"11":3,"12":3,"13":1,"14":1,"15":3,"16":1,"17":3,"18":1,"19":1,"20":1,"21":1,"22":1,"23":1,"24":1,"25":1,"26":1,"27":1,"28":3,"29":3},"f":{"0":0,"1":0,"2":0,"3":1,"4":1,"5":1,"6":3,"7":1,"8":1,"9":1},"b":{}}
,"/Users/pcco056/Documents/Cours ITU/ribouchon/magicventestock/src/main/webapp/app/modules/administration/administration.reducer.ts": {"path":"/Users/pcco056/Documents/Cours ITU/ribouchon/magicventestock/src/main/webapp/app/modules/administration/administration.reducer.ts","statementMap":{"0":{"start":{"line":1,"column":0},"end":{"line":1,"column":26}},"1":{"start":{"line":2,"column":0},"end":{"line":2,"column":88}},"2":{"start":{"line":4,"column":0},"end":{"line":4,"column":72}},"3":{"start":{"line":7,"column":21},"end":{"line":21,"column":2}},"4":{"start":{"line":27,"column":13},"end":{"line":29,"column":3}},"5":{"start":{"line":27,"column":90},"end":{"line":27,"column":128}},"6":{"start":{"line":27,"column":91},"end":{"line":27,"column":128}},"7":{"start":{"line":31,"column":13},"end":{"line":33,"column":3}},"8":{"start":{"line":31,"column":92},"end":{"line":31,"column":134}},"9":{"start":{"line":31,"column":93},"end":{"line":31,"column":134}},"10":{"start":{"line":35,"column":13},"end":{"line":41,"column":2}},"11":{"start":{"line":37,"column":13},"end":{"line":37,"column":null}},"12":{"start":{"line":37,"column":14},"end":{"line":37,"column":null}},"13":{"start":{"line":43,"column":13},"end":{"line":45,"column":3}},"14":{"start":{"line":43,"column":83},"end":{"line":43,"column":122}},"15":{"start":{"line":43,"column":84},"end":{"line":43,"column":122}},"16":{"start":{"line":47,"column":13},"end":{"line":53,"column":2}},"17":{"start":{"line":49,"column":43},"end":{"line":49,"column":null}},"18":{"start":{"line":49,"column":44},"end":{"line":49,"column":null}},"19":{"start":{"line":55,"column":67},"end":{"line":58,"column":2}},"20":{"start":{"line":55,"column":94},"end":{"line":58,"column":2}},"21":{"start":{"line":55,"column":111},"end":{"line":58,"column":2}},"22":{"start":{"line":56,"column":2},"end":{"line":56,"column":56}},"23":{"start":{"line":57,"column":2},"end":{"line":57,"column":25}},"24":{"start":{"line":55,"column":13},"end":{"line":55,"column":67}},"25":{"start":{"line":60,"column":13},"end":{"line":66,"column":2}},"26":{"start":{"line":62,"column":13},"end":{"line":62,"column":null}},"27":{"start":{"line":62,"column":14},"end":{"line":62,"column":null}},"28":{"start":{"line":68,"column":13},"end":{"line":70,"column":3}},"29":{"start":{"line":68,"column":78},"end":{"line":68,"column":113}},"30":{"start":{"line":68,"column":79},"end":{"line":68,"column":113}},"31":{"start":{"line":72,"column":13},"end":{"line":122,"column":3}},"32":{"start":{"line":77,"column":4},"end":{"line":120,"column":8}},"33":{"start":{"line":79,"column":8},"end":{"line":79,"column":30}},"34":{"start":{"line":80,"column":8},"end":{"line":80,"column":43}},"35":{"start":{"line":83,"column":8},"end":{"line":83,"column":30}},"36":{"start":{"line":84,"column":8},"end":{"line":84,"column":44}},"37":{"start":{"line":87,"column":8},"end":{"line":87,"column":30}},"38":{"start":{"line":88,"column":8},"end":{"line":88,"column":47}},"39":{"start":{"line":91,"column":8},"end":{"line":91,"column":30}},"40":{"start":{"line":92,"column":8},"end":{"line":94,"column":10}},"41":{"start":{"line":97,"column":8},"end":{"line":97,"column":30}},"42":{"start":{"line":98,"column":8},"end":{"line":101,"column":10}},"43":{"start":{"line":104,"column":8},"end":{"line":104,"column":30}},"44":{"start":{"line":105,"column":8},"end":{"line":108,"column":10}},"45":{"start":{"line":111,"column":8},"end":{"line":111,"column":34}},"46":{"start":{"line":112,"column":8},"end":{"line":112,"column":29}},"47":{"start":{"line":117,"column":10},"end":{"line":117,"column":52}},"48":{"start":{"line":118,"column":10},"end":{"line":118,"column":32}},"49":{"start":{"line":125,"column":0},"end":{"line":125,"column":43}}},"fnMap":{"0":{"name":"(anonymous_0)","decl":{"start":{"line":27,"column":79},"end":{"line":27,"column":88}},"loc":{"start":{"line":27,"column":90},"end":{"line":27,"column":128}}},"1":{"name":"(anonymous_1)","decl":{"start":{"line":27,"column":90},"end":{"line":27,"column":91}},"loc":{"start":{"line":27,"column":90},"end":{"line":27,"column":128}}},"2":{"name":"(anonymous_2)","decl":{"start":{"line":31,"column":81},"end":{"line":31,"column":90}},"loc":{"start":{"line":31,"column":92},"end":{"line":31,"column":134}}},"3":{"name":"(anonymous_3)","decl":{"start":{"line":31,"column":92},"end":{"line":31,"column":93}},"loc":{"start":{"line":31,"column":92},"end":{"line":31,"column":134}}},"4":{"name":"(anonymous_4)","decl":{"start":{"line":37,"column":2},"end":{"line":37,"column":11}},"loc":{"start":{"line":37,"column":13},"end":{"line":37,"column":null}}},"5":{"name":"(anonymous_5)","decl":{"start":{"line":37,"column":13},"end":{"line":37,"column":14}},"loc":{"start":{"line":37,"column":13},"end":{"line":37,"column":null}}},"6":{"name":"(anonymous_6)","decl":{"start":{"line":43,"column":72},"end":{"line":43,"column":81}},"loc":{"start":{"line":43,"column":83},"end":{"line":43,"column":122}}},"7":{"name":"(anonymous_7)","decl":{"start":{"line":43,"column":83},"end":{"line":43,"column":84}},"loc":{"start":{"line":43,"column":83},"end":{"line":43,"column":122}}},"8":{"name":"(anonymous_8)","decl":{"start":{"line":49,"column":2},"end":{"line":49,"column":9}},"loc":{"start":{"line":49,"column":43},"end":{"line":49,"column":null}}},"9":{"name":"(anonymous_9)","decl":{"start":{"line":49,"column":43},"end":{"line":49,"column":44}},"loc":{"start":{"line":49,"column":39},"end":{"line":49,"column":null}}},"10":{"name":"(anonymous_10)","decl":{"start":{"line":55,"column":67},"end":{"line":55,"column":68}},"loc":{"start":{"line":55,"column":94},"end":{"line":58,"column":2}}},"11":{"name":"(anonymous_11)","decl":{"start":{"line":55,"column":94},"end":{"line":55,"column":100}},"loc":{"start":{"line":55,"column":111},"end":{"line":58,"column":2}}},"12":{"name":"(anonymous_12)","decl":{"start":{"line":55,"column":111},"end":{"line":55,"column":null}},"loc":{"start":{"line":55,"column":111},"end":{"line":58,"column":1}}},"13":{"name":"(anonymous_13)","decl":{"start":{"line":62,"column":2},"end":{"line":62,"column":11}},"loc":{"start":{"line":62,"column":13},"end":{"line":62,"column":null}}},"14":{"name":"(anonymous_14)","decl":{"start":{"line":62,"column":13},"end":{"line":62,"column":14}},"loc":{"start":{"line":62,"column":13},"end":{"line":62,"column":null}}},"15":{"name":"(anonymous_15)","decl":{"start":{"line":68,"column":67},"end":{"line":68,"column":76}},"loc":{"start":{"line":68,"column":78},"end":{"line":68,"column":113}}},"16":{"name":"(anonymous_16)","decl":{"start":{"line":68,"column":78},"end":{"line":68,"column":79}},"loc":{"start":{"line":68,"column":78},"end":{"line":68,"column":113}}},"17":{"name":"(anonymous_17)","decl":{"start":{"line":76,"column":2},"end":{"line":76,"column":15}},"loc":{"start":{"line":76,"column":23},"end":{"line":121,"column":3}}},"18":{"name":"(anonymous_18)","decl":{"start":{"line":78,"column":42},"end":{"line":78,"column":43}},"loc":{"start":{"line":78,"column":60},"end":{"line":81,"column":7}}},"19":{"name":"(anonymous_19)","decl":{"start":{"line":82,"column":43},"end":{"line":82,"column":44}},"loc":{"start":{"line":82,"column":61},"end":{"line":85,"column":7}}},"20":{"name":"(anonymous_20)","decl":{"start":{"line":86,"column":46},"end":{"line":86,"column":47}},"loc":{"start":{"line":86,"column":64},"end":{"line":89,"column":7}}},"21":{"name":"(anonymous_21)","decl":{"start":{"line":90,"column":37},"end":{"line":90,"column":38}},"loc":{"start":{"line":90,"column":55},"end":{"line":95,"column":7}}},"22":{"name":"(anonymous_22)","decl":{"start":{"line":96,"column":44},"end":{"line":96,"column":45}},"loc":{"start":{"line":96,"column":62},"end":{"line":102,"column":7}}},"23":{"name":"(anonymous_23)","decl":{"start":{"line":103,"column":33},"end":{"line":103,"column":34}},"loc":{"start":{"line":103,"column":51},"end":{"line":109,"column":7}}},"24":{"name":"(anonymous_24)","decl":{"start":{"line":110,"column":124},"end":{"line":110,"column":129}},"loc":{"start":{"line":110,"column":132},"end":{"line":113,"column":7}}},"25":{"name":"(anonymous_25)","decl":{"start":{"line":116,"column":8},"end":{"line":116,"column":9}},"loc":{"start":{"line":116,"column":26},"end":{"line":119,"column":9}}}},"branchMap":{},"s":{"0":3,"1":3,"2":3,"3":3,"4":3,"5":1,"6":1,"7":3,"8":1,"9":1,"10":3,"11":1,"12":1,"13":3,"14":1,"15":1,"16":3,"17":1,"18":1,"19":3,"20":0,"21":0,"22":0,"23":0,"24":3,"25":3,"26":1,"27":1,"28":3,"29":1,"30":1,"31":3,"32":3,"33":1,"34":1,"35":1,"36":1,"37":1,"38":1,"39":1,"40":1,"41":1,"42":1,"43":1,"44":1,"45":6,"46":6,"47":6,"48":6,"49":3},"f":{"0":1,"1":1,"2":1,"3":1,"4":1,"5":1,"6":1,"7":1,"8":1,"9":1,"10":0,"11":0,"12":0,"13":1,"14":1,"15":1,"16":1,"17":3,"18":1,"19":1,"20":1,"21":1,"22":1,"23":1,"24":6,"25":6},"b":{}}
,"/Users/pcco056/Documents/Cours ITU/ribouchon/magicventestock/src/main/webapp/app/modules/administration/user-management/user-management.reducer.ts": {"path":"/Users/pcco056/Documents/Cours ITU/ribouchon/magicventestock/src/main/webapp/app/modules/administration/user-management/user-management.reducer.ts","statementMap":{"0":{"start":{"line":1,"column":0},"end":{"line":1,"column":26}},"1":{"start":{"line":2,"column":0},"end":{"line":2,"column":101}},"2":{"start":{"line":4,"column":0},"end":{"line":4,"column":66}},"3":{"start":{"line":5,"column":0},"end":{"line":5,"column":86}},"4":{"start":{"line":7,"column":21},"end":{"line":16,"column":2}},"5":{"start":{"line":18,"column":15},"end":{"line":18,"column":26}},"6":{"start":{"line":19,"column":17},"end":{"line":19,"column":34}},"7":{"start":{"line":23,"column":13},"end":{"line":26,"column":3}},"8":{"start":{"line":23,"column":116},"end":{"line":26,"column":2}},"9":{"start":{"line":24,"column":21},"end":{"line":24,"column":88}},"10":{"start":{"line":25,"column":2},"end":{"line":25,"column":40}},"11":{"start":{"line":28,"column":13},"end":{"line":31,"column":3}},"12":{"start":{"line":28,"column":132},"end":{"line":31,"column":2}},"13":{"start":{"line":29,"column":21},"end":{"line":29,"column":90}},"14":{"start":{"line":30,"column":2},"end":{"line":30,"column":40}},"15":{"start":{"line":33,"column":13},"end":{"line":37,"column":3}},"16":{"start":{"line":33,"column":82},"end":{"line":37,"column":2}},"17":{"start":{"line":34,"column":19},"end":{"line":34,"column":60}},"18":{"start":{"line":35,"column":2},"end":{"line":35,"column":67}},"19":{"start":{"line":35,"column":51},"end":{"line":35,"column":65}},"20":{"start":{"line":36,"column":2},"end":{"line":36,"column":18}},"21":{"start":{"line":39,"column":13},"end":{"line":46,"column":2}},"22":{"start":{"line":41,"column":23},"end":{"line":44,"column":null}},"23":{"start":{"line":42,"column":23},"end":{"line":42,"column":42}},"24":{"start":{"line":43,"column":4},"end":{"line":43,"column":40}},"25":{"start":{"line":48,"column":13},"end":{"line":56,"column":2}},"26":{"start":{"line":50,"column":34},"end":{"line":54,"column":null}},"27":{"start":{"line":51,"column":19},"end":{"line":51,"column":58}},"28":{"start":{"line":52,"column":4},"end":{"line":52,"column":43}},"29":{"start":{"line":53,"column":4},"end":{"line":53,"column":18}},"30":{"start":{"line":58,"column":13},"end":{"line":66,"column":2}},"31":{"start":{"line":60,"column":34},"end":{"line":64,"column":null}},"32":{"start":{"line":61,"column":19},"end":{"line":61,"column":57}},"33":{"start":{"line":62,"column":4},"end":{"line":62,"column":43}},"34":{"start":{"line":63,"column":4},"end":{"line":63,"column":18}},"35":{"start":{"line":68,"column":13},"end":{"line":77,"column":2}},"36":{"start":{"line":70,"column":33},"end":{"line":75,"column":null}},"37":{"start":{"line":71,"column":23},"end":{"line":71,"column":42}},"38":{"start":{"line":72,"column":19},"end":{"line":72,"column":56}},"39":{"start":{"line":73,"column":4},"end":{"line":73,"column":43}},"40":{"start":{"line":74,"column":4},"end":{"line":74,"column":18}},"41":{"start":{"line":81,"column":13},"end":{"line":131,"column":3}},"42":{"start":{"line":86,"column":6},"end":{"line":86,"column":26}},"43":{"start":{"line":90,"column":4},"end":{"line":129,"column":9}},"44":{"start":{"line":92,"column":8},"end":{"line":92,"column":48}},"45":{"start":{"line":95,"column":8},"end":{"line":95,"column":30}},"46":{"start":{"line":96,"column":8},"end":{"line":96,"column":41}},"47":{"start":{"line":99,"column":8},"end":{"line":99,"column":31}},"48":{"start":{"line":100,"column":8},"end":{"line":100,"column":35}},"49":{"start":{"line":101,"column":8},"end":{"line":101,"column":34}},"50":{"start":{"line":104,"column":8},"end":{"line":104,"column":30}},"51":{"start":{"line":105,"column":8},"end":{"line":105,"column":42}},"52":{"start":{"line":106,"column":8},"end":{"line":106,"column":81}},"53":{"start":{"line":109,"column":8},"end":{"line":109,"column":31}},"54":{"start":{"line":110,"column":8},"end":{"line":110,"column":30}},"55":{"start":{"line":111,"column":8},"end":{"line":111,"column":35}},"56":{"start":{"line":112,"column":8},"end":{"line":112,"column":41}},"57":{"start":{"line":115,"column":8},"end":{"line":115,"column":34}},"58":{"start":{"line":116,"column":8},"end":{"line":116,"column":36}},"59":{"start":{"line":117,"column":8},"end":{"line":117,"column":29}},"60":{"start":{"line":120,"column":8},"end":{"line":120,
[...]
ne":67,"column":4},"end":{"line":67,"column":41}},"32":{"start":{"line":69,"column":2},"end":{"line":71,"column":3}},"33":{"start":{"line":70,"column":4},"end":{"line":70,"column":43}},"34":{"start":{"line":65,"column":13},"end":{"line":65,"column":30}},"35":{"start":{"line":74,"column":38},"end":{"line":77,"column":1}},"36":{"start":{"line":74,"column":44},"end":{"line":77,"column":1}},"37":{"start":{"line":75,"column":2},"end":{"line":75,"column":19}},"38":{"start":{"line":76,"column":2},"end":{"line":76,"column":28}},"39":{"start":{"line":74,"column":13},"end":{"line":74,"column":38}},"40":{"start":{"line":79,"column":35},"end":{"line":83,"column":1}},"41":{"start":{"line":79,"column":49},"end":{"line":83,"column":1}},"42":{"start":{"line":80,"column":2},"end":{"line":80,"column":19}},"43":{"start":{"line":81,"column":2},"end":{"line":81,"column":34}},"44":{"start":{"line":82,"column":2},"end":{"line":82,"column":24}},"45":{"start":{"line":79,"column":13},"end":{"line":79,"column":35}},"46":{"start":{"line":85,"column":13},"end":{"line":151,"column":3}},"47":{"start":{"line":90,"column":6},"end":{"line":92,"column":null}},"48":{"start":{"line":96,"column":6},"end":{"line":99,"column":null}},"49":{"start":{"line":103,"column":6},"end":{"line":107,"column":null}},"50":{"start":{"line":112,"column":4},"end":{"line":149,"column":9}},"51":{"start":{"line":113,"column":57},"end":{"line":117,"column":null}},"52":{"start":{"line":119,"column":48},"end":{"line":124,"column":null}},"53":{"start":{"line":126,"column":55},"end":{"line":132,"column":null}},"54":{"start":{"line":135,"column":32},"end":{"line":135,"column":102}},"55":{"start":{"line":136,"column":8},"end":{"line":141,"column":null}},"56":{"start":{"line":145,"column":8},"end":{"line":145,"column":29}},"57":{"start":{"line":148,"column":8},"end":{"line":148,"column":29}},"58":{"start":{"line":153,"column":13},"end":{"line":153,"column":55}},"59":{"start":{"line":156,"column":0},"end":{"line":156,"column":43}}},"fnMap":{"0":{"name":"(anonymous_0)","decl":{"start":{"line":26,"column":26},"end":{"line":26,"column":39}},"loc":{"start":{"line":26,"column":42},"end":{"line":28,"column":1}}},"1":{"name":"(anonymous_1)","decl":{"start":{"line":26,"column":42},"end":{"line":26,"column":43}},"loc":{"start":{"line":26,"column":65},"end":{"line":28,"column":1}}},"2":{"name":"(anonymous_2)","decl":{"start":{"line":30,"column":73},"end":{"line":30,"column":82}},"loc":{"start":{"line":30,"column":84},"end":{"line":30,"column":116}}},"3":{"name":"(anonymous_3)","decl":{"start":{"line":30,"column":84},"end":{"line":30,"column":85}},"loc":{"start":{"line":30,"column":84},"end":{"line":30,"column":116}}},"4":{"name":"(anonymous_4)","decl":{"start":{"line":42,"column":2},"end":{"line":42,"column":9}},"loc":{"start":{"line":42,"column":30},"end":{"line":42,"column":null}}},"5":{"name":"(anonymous_5)","decl":{"start":{"line":42,"column":30},"end":{"line":42,"column":31}},"loc":{"start":{"line":42,"column":30},"end":{"line":42,"column":null}}},"6":{"name":"(anonymous_6)","decl":{"start":{"line":49,"column":2},"end":{"line":49,"column":3}},"loc":{"start":{"line":50,"column":2},"end":{"line":63,"column":4}}},"7":{"name":"(anonymous_7)","decl":{"start":{"line":50,"column":2},"end":{"line":50,"column":8}},"loc":{"start":{"line":50,"column":19},"end":{"line":63,"column":4}}},"8":{"name":"(anonymous_8)","decl":{"start":{"line":50,"column":19},"end":{"line":50,"column":null}},"loc":{"start":{"line":50,"column":19},"end":{"line":63,"column":3}}},"9":{"name":"(anonymous_9)","decl":{"start":{"line":65,"column":30},"end":{"line":65,"column":33}},"loc":{"start":{"line":65,"column":35},"end":{"line":72,"column":1}}},"10":{"name":"(anonymous_10)","decl":{"start":{"line":74,"column":38},"end":{"line":74,"column":41}},"loc":{"start":{"line":74,"column":44},"end":{"line":77,"column":1}}},"11":{"name":"(anonymous_11)","decl":{"start":{"line":74,"column":44},"end":{"line":74,"column":52}},"loc":{"start":{"line":74,"column":55},"end":{"line":77,"column":1}}},"12":{"name":"(anonymous_12)","decl":{"start":{"line":79,"column":35},"end":{"line":79,"column":45}},"loc":{"start":{"line":79,"column":49},"end":{"line":83,"column":1}}},"13":{"name":"(anonymous_13)","decl":{"start":{"line":79,"column":49},"end":{"line":79,"column":57}},"loc":{"start":{"line":79,"column":60},"end":{"line":83,"column":1}}},"14":{"name":"(anonymous_14)","decl":{"start":{"line":89,"column":4},"end":{"line":89,"column":17}},"loc":{"start":{"line":89,"column":17},"end":{"line":94,"column":5}}},"15":{"name":"(anonymous_15)","decl":{"start":{"line":95,"column":4},"end":{"line":95,"column":13}},"loc":{"start":{"line":95,"column":27},"end":{"line":101,"column":5}}},"16":{"name":"(anonymous_16)","decl":{"start":{"line":102,"column":4},"end":{"line":102,"column":13}},"loc":{"start":{"line":102,"column":19},"end":{"line":109,"column":5}}},"17":{"name":"(anonymous_17)","decl":{"start":{"line":111,"column":2},"end":{"line":111,"column":15}},"loc":{"start":{"line":111,"column":23},"end":{"line":150,"column":3}}},"18":{"name":"(anonymous_18)","decl":{"start":{"line":113,"column":38},"end":{"line":113,"column":39}},"loc":{"start":{"line":113,"column":57},"end":{"line":117,"column":null}}},"19":{"name":"(anonymous_19)","decl":{"start":{"line":119,"column":39},"end":{"line":119,"column":44}},"loc":{"start":{"line":119,"column":48},"end":{"line":124,"column":null}}},"20":{"name":"(anonymous_20)","decl":{"start":{"line":126,"column":36},"end":{"line":126,"column":37}},"loc":{"start":{"line":126,"column":55},"end":{"line":132,"column":null}}},"21":{"name":"(anonymous_21)","decl":{"start":{"line":134,"column":37},"end":{"line":134,"column":38}},"loc":{"start":{"line":134,"column":55},"end":{"line":143,"column":7}}},"22":{"name":"(anonymous_22)","decl":{"start":{"line":144,"column":37},"end":{"line":144,"column":42}},"loc":{"start":{"line":144,"column":45},"end":{"line":146,"column":7}}},"23":{"name":"(anonymous_23)","decl":{"start":{"line":147,"column":35},"end":{"line":147,"column":40}},"loc":{"start":{"line":147,"column":43},"end":{"line":149,"column":7}}}},"branchMap":{"0":{"loc":{"start":{"line":49,"column":23},"end":{"line":49,"column":41}},"type":"default-arg","locations":[{"start":{"line":49,"column":36},"end":{"line":49,"column":41}}]},"1":{"loc":{"start":{"line":53,"column":24},"end":{"line":53,"column":56}},"type":"cond-expr","locations":[{"start":{"line":53,"column":41},"end":{"line":53,"column":43}},{"start":{"line":53,"column":41},"end":{"line":53,"column":56}}]},"2":{"loc":{"start":{"line":53,"column":24},"end":{"line":53,"column":43}},"type":"binary-expr","locations":[{"start":{"line":53,"column":24},"end":{"line":53,"column":43}},{"start":{"line":53,"column":41},"end":{"line":53,"column":43}}]},"3":{"loc":{"start":{"line":53,"column":24},"end":{"line":53,"column":41}},"type":"cond-expr","locations":[{"start":{"line":53,"column":32},"end":{"line":53,"column":34}},{"start":{"line":53,"column":24},"end":{"line":53,"column":41}}]},"4":{"loc":{"start":{"line":53,"column":24},"end":{"line":53,"column":34}},"type":"binary-expr","locations":[{"start":{"line":53,"column":24},"end":{"line":53,"column":34}},{"start":{"line":53,"column":24},"end":{"line":53,"column":34}}]},"5":{"loc":{"start":{"line":54,"column":4},"end":{"line":61,"column":5}},"type":"if","locations":[{"start":{"line":54,"column":4},"end":{"line":61,"column":5}}]},"6":{"loc":{"start":{"line":54,"column":8},"end":{"line":54,"column":60}},"type":"binary-expr","locations":[{"start":{"line":54,"column":8},"end":{"line":54,"column":19}},{"start":{"line":54,"column":23},"end":{"line":54,"column":60}}]},"7":{"loc":{"start":{"line":56,"column":6},"end":{"line":60,"column":7}},"type":"if","locations":[{"start":{"line":56,"column":6},"end":{"line":60,"column":7}},{"start":{"line":58,"column":13},"end":{"line":60,"column":7}}]},"8":{"loc":{"start":{"line":66,"column":2},"end":{"line":68,"column":3}},"type":"if","locations":[{"start":{"line":66,"column":2},"end":{"line":68,"column":3}}]},"9":{"loc":{"start":{"line":69,"column":2},"end":{"line":71,"column":3}},"type":"if","locations":[{"start":{"line":69,"column":2},"end":{"line":71,"column":3}}]},"10":{"loc":{"start":{"line":135,"column":32},"end":{"line":135,"column":102}},"type":"binary-expr","locations":[{"start":{"line":135,"column":32},"end":{"line":135,"column":46}},{"start":{"line":135,"column":50},"end":{"line":135,"column":69}},{"start":{"line":135,"column":73},"end":{"line":135,"column":102}}]}},"s":{"0":4,"1":4,"2":4,"3":4,"4":4,"5":4,"6":4,"7":2,"8":2,"9":4,"10":4,"11":3,"12":3,"13":4,"14":3,"15":3,"16":4,"17":2,"18":2,"19":2,"20":2,"21":2,"22":2,"23":2,"24":2,"25":1,"26":1,"27":2,"28":4,"29":4,"30":4,"31":1,"32":4,"33":1,"34":4,"35":4,"36":1,"37":1,"38":1,"39":4,"40":4,"41":1,"42":1,"43":1,"44":1,"45":4,"46":4,"47":1,"48":1,"49":1,"50":3,"51":1,"52":1,"53":1,"54":2,"55":2,"56":1,"57":1,"58":4,"59":4},"f":{"0":2,"1":2,"2":3,"3":3,"4":3,"5":3,"6":2,"7":2,"8":2,"9":4,"10":1,"11":1,"12":1,"13":1,"14":1,"15":1,"16":1,"17":3,"18":1,"19":1,"20":1,"21":2,"22":1,"23":1},"b":{"0":[1],"1":[0,2],"2":[2,2],"3":[0,2],"4":[2,2],"5":[2],"6":[2,2],"7":[1,1],"8":[1],"9":[1],"10":[2,2,2]}}
,"/Users/pcco056/Documents/Cours ITU/ribouchon/magicventestock/src/main/webapp/app/shared/reducers/index.ts": {"path":"/Users/pcco056/Documents/Cours ITU/ribouchon/magicventestock/src/main/webapp/app/shared/reducers/index.ts","statementMap":{"0":{"start":{"line":2,"column":0},"end":{"line":2,"column":74}},"1":{"start":{"line":4,"column":0},"end":{"line":4,"column":79}},"2":{"start":{"line":5,"column":0},"end":{"line":5,"column":96}},"3":{"start":{"line":6,"column":0},"end":{"line":6,"column":69}},"4":{"start":{"line":7,"column":0},"end":{"line":7,"column":69}},"5":{"start":{"line":8,"column":0},"end":{"line":8,"column":69}},"6":{"start":{"line":9,"column":0},"end":{"line":9,"column":69}},"7":{"start":{"line":10,"column":0},"end":{"line":10,"column":86}},"8":{"start":{"line":11,"column":0},"end":{"line":11,"column":53}},"9":{"start":{"line":12,"column":0},"end":{"line":12,"column":55}},"10":{"start":{"line":13,"column":0},"end":{"line":13,"column":46}},"11":{"start":{"line":16,"column":17},"end":{"line":28,"column":null}},"12":{"start":{"line":31,"column":0},"end":{"line":31,"column":27}}},"fnMap":{},"branchMap":{},"s":{"0":2,"1":2,"2":2,"3":2,"4":2,"5":2,"6":2,"7":2,"8":2,"9":2,"10":2,"11":2,"12":2},"f":{},"b":{}}
,"/Users/pcco056/Documents/Cours ITU/ribouchon/magicventestock/src/main/webapp/app/shared/reducers/reducer.utils.ts": {"path":"/Users/pcco056/Documents/Cours ITU/ribouchon/magicventestock/src/main/webapp/app/shared/reducers/reducer.utils.ts","statementMap":{"0":{"start":{"line":1,"column":0},"end":{"line":1,"column":null}},"1":{"start":{"line":10,"column":0},"end":{"line":10,"column":49}},"2":{"start":{"line":29,"column":2},"end":{"line":29,"column":43}},"3":{"start":{"line":28,"column":0},"end":{"line":28,"column":16}},"4":{"start":{"line":36,"column":2},"end":{"line":36,"column":42}},"5":{"start":{"line":35,"column":0},"end":{"line":35,"column":16}},"6":{"start":{"line":43,"column":2},"end":{"line":43,"column":44}},"7":{"start":{"line":42,"column":0},"end":{"line":42,"column":16}},"8":{"start":{"line":46,"column":60},"end":{"line":46,"column":96}},"9":{"start":{"line":52,"column":35},"end":{"line":68,"column":1}},"10":{"start":{"line":53,"column":2},"end":{"line":66,"column":3}},"11":{"start":{"line":54,"column":4},"end":{"line":65,"column":5}},"12":{"start":{"line":55,"column":6},"end":{"line":55,"column":19}},"13":{"start":{"line":57,"column":43},"end":{"line":57,"column":45}},"14":{"start":{"line":58,"column":6},"end":{"line":62,"column":7}},"15":{"start":{"line":59,"column":8},"end":{"line":61,"column":9}},"16":{"start":{"line":60,"column":10},"end":{"line":60,"column":50}},"17":{"start":{"line":64,"column":6},"end":{"line":64,"column":25}},"18":{"start":{"line":67,"column":2},"end":{"line":67,"column":36}},"19":{"start":{"line":52,"column":13},"end":{"line":52,"column":35}},"20":{"start":{"line":85,"column":33},"end":{"line":127,"column":1}},"21":{"start":{"line":98,"column":2},"end":{"line":126,"column":5}},"22":{"start":{"line":106,"column":8},"end":{"line":106,"column":28}},"23":{"start":{"line":111,"column":6},"end":{"line":111,"column":29}},"24":{"start":{"line":117,"column":6},"end":{"line":124,"column":7}},"25":{"start":{"line":118,"column":8},"end":{"line":123,"column":11}},"26":{"start":{"line":119,"column":10},"end":{"line":119,"column":32}},"27":{"start":{"line":120,"column":10},"end":{"line":120,"column":33}},"28":{"start":{"line":121,"column":10},"end":{"line":121,"column":38}},"29":{"start":{"line":122,"column":10},"end":{"line":122,"column":36}},"30":{"start":{"line":85,"column":13},"end":{"line":85,"column":33}}},"fnMap":{"0":{"name":"isRejectedAction","decl":{"start":{"line":28,"column":16},"end":{"line":28,"column":32}},"loc":{"start":{"line":28,"column":54},"end":{"line":30,"column":1}}},"1":{"name":"isPendingAction","decl":{"start":{"line":35,"column":16},"end":{"line":35,"column":31}},"loc":{"start":{"line":35,"column":53},"end":{"line":37,"column":1}}},"2":{"name":"isFulfilledAction","decl":{"start":{"line":42,"column":16},"end":{"line":42,"column":33}},"loc":{"start":{"line":42,"column":55},"end":{"line":44,"column":1}}},"3":{"name":"(anonymous_3)","decl":{"start":{"line":52,"column":35},"end":{"line":52,"column":36}},"loc":{"start":{"line":52,"column":80},"end":{"line":68,"column":1}}},"4":{"name":"(anonymous_4)","decl":{"start":{"line":85,"column":33},"end":{"line":85,"column":89}},"loc":{"start":{"line":97,"column":5},"end":{"line":127,"column":1}}},"5":{"name":"(anonymous_5)","decl":{"start":{"line":105,"column":6},"end":{"line":105,"column":11}},"loc":{"start":{"line":105,"column":11},"end":{"line":107,"column":7}}},"6":{"name":"(anonymous_6)","decl":{"start":{"line":110,"column":4},"end":{"line":110,"column":17}},"loc":{"start":{"line":110,"column":25},"end":{"line":125,"column":5}}},"7":{"name":"(anonymous_7)","decl":{"start":{"line":118,"column":45},"end":{"line":118,"column":46}},"loc":{"start":{"line":118,"column":63},"end":{"line":123,"column":9}}}},"branchMap":{"0":{"loc":{"start":{"line":53,"column":2},"end":{"line":66,"column":3}},"type":"if","locations":[{"start":{"line":53,"column":2},"end":{"line":66,"column":3}}]},"1":{"loc":{"start":{"line":53,"column":6},"end":{"line":53,"column":49}},"type":"binary-expr","locations":[{"start":{"line":53,"column":6},"end":{"line":53,"column":31}},{"start":{"line":53,"column":35},"end":{"line":53,"column":49}}]},"2":{"loc":{"start":{"line":54,"column":4},"end":{"line":65,"column":5}},"type":"if","locations":[{"start":{"line":54,"column":4},"end":{"line":65,"column":5}},{"start":{"line":56,"column":11},"end":{"line":65,"column":5}}]},"3":{"loc":{"start":{"line":59,"column":8},"end":{"line":61,"column":9}},"type":"if","locations":[{"start":{"line":59,"column":8},"end":{"line":61,"column":9}}]},"4":{"loc":{"start":{"line":86,"column":2},"end":{"line":86,"column":11}},"type":"default-arg","locations":[{"start":{"line":86,"column":9},"end":{"line":86,"column":11}}]},"5":{"loc":{"start":{"line":117,"column":6},"end":{"line":124,"column":7}},"type":"if","locations":[{"start":{"line":117,"column":6},"end":{"line":124,"column":7}}]}},"s":{"0":13,"1":13,"2":61,"3":13,"4":0,"5":13,"6":13,"7":13,"8":13,"9":13,"10":0,"11":0,"12":0,"13":0,"14":0,"15":0,"16":0,"17":0,"18":0,"19":13,"20":13,"21":6,"22":2,"23":6,"24":6,"25":6,"26":12,"27":12,"28":12,"29":12,"30":13},"f":{"0":61,"1":0,"2":13,"3":0,"4":6,"5":2,"6":6,"7":12},"b":{"0":[0],"1":[0,0],"2":[0,0],"3":[0],"4":[0],"5":[6]}}
,"/Users/pcco056/Documents/Cours ITU/ribouchon/magicventestock/src/main/webapp/app/shared/util/entity-utils.ts": {"path":"/Users/pcco056/Documents/Cours ITU/ribouchon/magicventestock/src/main/webapp/app/shared/util/entity-utils.ts","statementMap":{"0":{"start":{"line":1,"column":0},"end":{"line":1,"column":31}},"1":{"start":{"line":11,"column":27},"end":{"line":15,"column":1}},"2":{"start":{"line":12,"column":21},"end":{"line":12,"column":138}},"3":{"start":{"line":12,"column":53},"end":{"line":12,"column":137}},"4":{"start":{"line":14,"column":2},"end":{"line":14,"column":34}},"5":{"start":{"line":11,"column":13},"end":{"line":11,"column":27}},"6":{"start":{"line":23,"column":25},"end":{"line":23,"column":121}},"7":{"start":{"line":23,"column":57},"end":{"line":23,"column":121}},"8":{"start":{"line":23,"column":84},"end":{"line":23,"column":93}},"9":{"start":{"line":23,"column":113},"end":{"line":23,"column":119}},"10":{"start":{"line":23,"column":13},"end":{"line":23,"column":25}},"11":{"start":{"line":25,"column":48},"end":{"line":34,"column":1}},"12":{"start":{"line":26,"column":17},"end":{"line":26,"column":52}},"13":{"start":{"line":27,"column":15},"end":{"line":27,"column":33}},"14":{"start":{"line":28,"column":2},"end":{"line":32,"column":3}},"15":{"start":{"line":29,"column":22},"end":{"line":29,"column":37}},"16":{"start":{"line":30,"column":4},"end":{"line":30,"column":44}},"17":{"start":{"line":31,"column":4},"end":{"line":31,"column":45}},"18":{"start":{"line":33,"column":2},"end":{"line":33,"column":29}},"19":{"start":{"line":25,"column":13},"end":{"line":25,"column":48}},"20":{"start":{"line":36,"column":54},"end":{"line":46,"column":1}},"21":{"start":{"line":38,"column":4},"end":{"line":38,"column":73}},"22":{"start":{"line":40,"column":17},"end":{"line":40,"column":52}},"23":{"start":{"line":41,"column":15},"end":{"line":41,"column":33}},"24":{"start":{"line":42,"column":2},"end":{"line":44,"column":3}},"25":{"start":{"line":43,"column":4},"end":{"line":43,"column":45}},"26":{"start":{"line":45,"column":2},"end":{"line":45,"column":31}},"27":{"start":{"line":36,"column":13},"end":{"line":36,"column":54}}},"fnMap":{"0":{"name":"(anonymous_0)","decl":{"start":{"line":11,"column":27},"end":{"line":11,"column":33}},"loc":{"start":{"line":11,"column":36},"end":{"line":15,"column":1}}},"1":{"name":"(anonymous_1)","decl":{"start":{"line":12,"column":48},"end":{"line":12,"column":49}},"loc":{"start":{"line":12,"column":53},"end":{"line":12,"column":137}}},"2":{"name":"(anonymous_2)","decl":{"start":{"line":23,"column":25},"end":{"line":23,"column":26}},"loc":{"start":{"line":23,"column":57},"end":{"line":23,"column":121}}},"3":{"name":"(anonymous_3)","decl":{"start":{"line":23,"column":71},"end":{"line":23,"column":72}},"loc":{"start":{"line":23,"column":84},"end":{"line":23,"column":93}}},"4":{"name":"(anonymous_4)","decl":{"start":{"line":23,"column":99},"end":{"line":23,"column":100}},"loc":{"start":{"line":23,"column":113},"end":{"line":23,"column":119}}},"5":{"name":"(anonymous_5)","decl":{"start":{"line":25,"column":48},"end":{"line":25,"column":49}},"loc":{"start":{"line":25,"column":112},"end":{"line":34,"column":1}}},"6":{"name":"(anonymous_6)","decl":{"start":{"line":36,"column":54},"end":{"line":36,"column":55}},"loc":{"start":{"line":36,"column":124},"end":{"line":46,"column":1}}}},"branchMap":{"0":{"loc":{"start":{"line":12,"column":53},"end":{"line":12,"column":137}},"type":"binary-expr","locations":[{"start":{"line":12,"column":53},"end":{"line":12,"column":83}},{"start":{"line":12,"column":88},"end":{"line":12,"column":110}},{"start":{"line":12,"column":114},"end":{"line":12,"column":136}}]},"1":{"loc":{"start":{"line":28,"column":2},"end":{"line":32,"column":3}},"type":"if","locations":[{"start":{"line":28,"column":2},"end":{"line":32,"column":3}}]},"2":{"loc":{"start":{"line":42,"column":2},"end":{"line":44,"column":3}},"type":"if","locations":[{"start":{"line":42,"column":2},"end":{"line":44,"column":3}}]}},"s":{"0":5,"1":5,"2":10,"3":13,"4":10,"5":5,"6":5,"7":2,"8":4,"9":3,"10":5,"11":5,"12":0,"13":0,"14":0,"15":0,"16":0,"17":0,"18":0,"19":5,"20":5,"21":0,"22":0,"23":0,"24":0,"25":0,"26":0,"27":5},"f":{"0":10,"1":13,"2":2,"3":4,"4":3,"5":0,"6":0},"b":{"0":[13,4,3],"1":[0],"2":[0]}}
}
