TN:
SF:src/main/webapp/app/config/axios-interceptor.ts
FN:8,(anonymous_0)
FN:9,(anonymous_1)
FN:16,(anonymous_2)
FN:17,(anonymous_3)
FNF:4
FNH:4
FNDA:1,(anonymous_0)
FNDA:1,(anonymous_1)
FNDA:1,(anonymous_2)
FNDA:1,(anonymous_3)
DA:1,1
DA:2,1
DA:4,1
DA:5,1
DA:6,1
DA:8,1
DA:9,1
DA:10,1
DA:11,1
DA:12,0
DA:14,1
DA:16,1
DA:17,1
DA:18,1
DA:19,1
DA:20,1
DA:22,1
DA:24,1
DA:25,1
DA:28,1
LF:20
LH:19
BRDA:10,0,0,1
BRDA:10,0,1,1
BRDA:11,1,0,0
BRDA:18,2,0,1
BRDA:18,2,1,1
BRDA:18,3,0,1
BRDA:18,3,1,0
BRDA:19,4,0,1
BRF:8
BRH:6
end_of_record
TN:
SF:src/main/webapp/app/config/constants.ts
FNF:0
FNH:0
DA:1,2
DA:6,2
DA:10,2
DA:11,2
DA:12,2
DA:13,2
DA:14,2
DA:15,2
LF:8
LH:8
BRF:0
BRH:0
end_of_record
TN:
SF:src/main/webapp/app/config/error-middleware.ts
FN:1,(anonymous_0)
FN:4,(anonymous_1)
FN:11,(anonymous_2)
FN:11,(anonymous_3)
FN:11,(anonymous_4)
FNF:5
FNH:2
FNDA:0,(anonymous_0)
FNDA:0,(anonymous_1)
FNDA:2,(anonymous_2)
FNDA:2,(anonymous_3)
FNDA:0,(anonymous_4)
DA:1,2
DA:2,0
DA:3,0
DA:4,0
DA:5,0
DA:8,0
DA:11,2
DA:17,0
DA:18,0
DA:19,0
DA:20,0
DA:21,0
DA:22,0
DA:23,0
DA:28,0
LF:15
LH:2
BRDA:3,0,0,0
BRDA:17,1,0,0
BRDA:19,2,0,0
BRDA:21,3,0,0
BRDA:21,4,0,0
BRDA:21,4,1,0
BRF:6
BRH:0
end_of_record
TN:
SF:src/main/webapp/app/config/icon-loader.ts
FN:39,(anonymous_0)
FNF:1
FNH:1
FNDA:18,(anonymous_0)
DA:1,18
DA:37,18
DA:39,18
DA:40,18
LF:4
LH:4
BRF:0
BRH:0
end_of_record
TN:
SF:src/main/webapp/app/config/logger-middleware.ts
FN:2,(anonymous_0)
FN:2,(anonymous_1)
FN:2,(anonymous_2)
FNF:3
FNH:2
FNDA:2,(anonymous_0)
FNDA:2,(anonymous_1)
FNDA:0,(anonymous_2)
DA:2,2
DA:3,0
DA:4,0
DA:6,0
DA:7,0
DA:8,0
DA:9,0
DA:11,0
DA:12,0
DA:15,0
LF:10
LH:1
BRDA:3,0,0,0
BRDA:8,1,0,0
BRF:2
BRH:0
end_of_record
TN:
SF:src/main/webapp/app/config/notification-middleware.ts
FN:11,(anonymous_0)
FN:15,(anonymous_1)
FN:16,(anonymous_2)
FN:26,(anonymous_3)
FN:26,(anonymous_4)
FN:26,(anonymous_5)
FN:60,(anonymous_6)
FNF:7
FNH:7
FNDA:7,(anonymous_0)
FNDA:1,(anonymous_1)
FNDA:1,(anonymous_2)
FNDA:15,(anonymous_3)
FNDA:15,(anonymous_4)
FNDA:13,(anonymous_5)
FNDA:1,(anonymous_6)
DA:1,3
DA:2,3
DA:3,3
DA:4,3
DA:5,3
DA:11,3
DA:12,7
DA:15,3
DA:16,1
DA:17,1
DA:18,1
DA:21,1
DA:22,1
DA:23,1
DA:26,15
DA:27,13
DA:33,13
DA:34,1
DA:35,1
DA:36,1
DA:40,13
DA:41,10
DA:42,9
DA:43,9
DA:45,8
DA:47,8
DA:49,1
DA:52,7
DA:53,1
DA:57,6
DA:58,6
DA:59,6
DA:60,1
DA:62,5
DA:63,5
DA:64,1
DA:65,4
DA:66,1
DA:68,3
DA:72,1
DA:74,0
DA:76,1
DA:78,3
DA:79,1
DA:82,13
LF:45
LH:44
BRDA:17,0,0,1
BRDA:33,1,0,1
BRDA:33,2,0,13
BRDA:33,2,1,2
BRDA:33,3,0,0
BRDA:33,3,1,2
BRDA:33,4,0,2
BRDA:33,4,1,2
BRDA:35,5,0,1
BRDA:40,6,0,10
BRDA:40,6,1,3
BRDA:40,7,0,13
BRDA:40,7,1,11
BRDA:41,8,0,9
BRDA:41,8,1,1
BRDA:43,9,0,1
BRDA:43,9,1,8
BRDA:45,10,0,0
BRDA:45,10,1,8
BRDA:45,11,0,8
BRDA:45,11,1,8
BRDA:45,12,0,8
BRDA:45,12,1,0
BRDA:45,13,0,8
BRDA:45,13,1,8
BRDA:45,14,0,8
BRDA:45,14,1,0
BRDA:45,15,0,8
BRDA:45,15,1,8
BRDA:45,16,0,8
BRDA:45,16,1,0
BRDA:45,17,0,8
BRDA:45,17,1,8
BRDA:45,18,0,8
BRDA:45,18,1,0
BRDA:45,19,0,8
BRDA:45,19,1,8
BRDA:47,20,0,1
BRDA:47,20,1,7
BRDA:52,21,0,1
BRDA:52,21,1,6
BRDA:58,22,0,1
BRDA:58,22,1,5
BRDA:59,23,0,1
BRDA:59,23,1,5
BRDA:59,24,0,5
BRDA:59,24,1,1
BRDA:59,25,0,6
BRDA:59,25,1,1
BRDA:62,26,0,1
BRDA:62,26,1,4
BRDA:62,27,0,5
BRDA:62,27,1,5
BRDA:63,28,0,1
BRDA:63,28,1,4
BRDA:65,29,0,1
BRDA:65,29,1,3
BRDA:65,30,0,4
BRDA:65,30,1,1
BRDA:68,31,0,2
BRDA:68,31,1,1
BRDA:68,32,0,3
BRDA:68,32,1,3
BRDA:68,33,0,1
BRDA:68,33,1,2
BRDA:68,34,0,3
BRDA:68,34,1,3
BRDA:68,35,0,1
BRDA:68,35,1,2
BRDA:68,36,0,3
BRDA:68,36,1,3
BRDA:68,37,0,0
BRDA:68,37,1,3
BRDA:68,38,0,3
BRDA:68,38,1,3
BRDA:68,39,0,1
BRDA:68,39,1,2
BRDA:68,40,0,3
BRDA:68,40,1,3
BRDA:68,41,0,1
BRDA:68,41,1,2
BRDA:68,42,0,3
BRDA:68,42,1,3
BRDA:68,43,0,1
BRDA:68,43,1,1
BRDA:68,44,0,2
BRDA:68,44,1,2
BRDA:68,45,0,1
BRDA:68,45,1,1
BRDA:68,46,0,2
BRDA:68,46,1,2
BRDA:72,47,0,0
BRDA:72,47,1,1
BRDA:72,48,0,1
BRDA:72,48,1,0
BRDA:72,49,0,1
BRDA:72,49,1,0
BRDA:72,50,0,1
BRDA:72,50,1,1
BRDA:72,51,0,1
BRDA:72,51,1,0
BRDA:72,52,0,1
BRDA:72,52,1,1
BRDA:72,53,0,0
BRDA:72,53,1,0
BRDA:72,54,0,0
BRDA:72,54,1,0
BRDA:76,55,0,0
BRDA:76,55,1,1
BRDA:76,56,0,1
BRDA:76,56,1,1
BRDA:78,57,0,1
BRDA:79,58,0,1
BRDA:79,58,1,0
BRDA:79,59,0,1
BRDA:79,59,1,1
BRF:116
BRH:99
end_of_record
TN:
SF:src/main/webapp/app/config/store.ts
FN:12,(anonymous_0)
FN:21,(anonymous_1)
FN:27,(anonymous_2)
FNF:3
FNH:2
FNDA:2,(anonymous_0)
FNDA:4,(anonymous_1)
FNDA:0,(anonymous_2)
DA:1,2
DA:2,2
DA:3,2
DA:5,2
DA:6,2
DA:7,2
DA:8,2
DA:10,2
DA:13,2
DA:21,4
DA:26,2
DA:27,2
DA:30,2
LF:13
LH:13
BRF:0
BRH:0
end_of_record
TN:
SF:src/main/webapp/app/entities/menu.tsx
FN:5,(anonymous_0)
FNF:1
FNH:1
FNDA:3,(anonymous_0)
DA:1,1
DA:3,1
DA:5,1
DA:6,3
DA:20,1
LF:5
LH:5
BRF:0
BRH:0
end_of_record
TN:
SF:src/main/webapp/app/entities/reducers.ts
FNF:0
FNH:0
DA:1,2
DA:2,2
DA:5,2
DA:11,2
LF:4
LH:4
BRF:0
BRH:0
end_of_record
TN:
SF:src/main/webapp/app/entities/produit/produit.reducer.ts
FN:23,(anonymous_0)
FN:23,(anonymous_1)
FN:32,(anonymous_2)
FN:32,(anonymous_3)
FN:41,(anonymous_4)
FN:41,(anonymous_5)
FN:51,(anonymous_6)
FN:51,(anonymous_7)
FN:61,(anonymous_8)
FN:61,(anonymous_9)
FN:71,(anonymous_10)
FN:71,(anonymous_11)
FN:85,(anonymous_12)
FN:87,(anonymous_13)
FN:91,(anonymous_14)
FN:96,(anonymous_15)
FN:106,(anonymous_16)
FN:112,(anonymous_17)
FN:117,(anonymous_18)
FNF:19
FNH:19
FNDA:1,(anonymous_0)
FNDA:1,(anonymous_1)
FNDA:1,(anonymous_2)
FNDA:1,(anonymous_3)
FNDA:1,(anonymous_4)
FNDA:1,(anonymous_5)
FNDA:1,(anonymous_6)
FNDA:1,(anonymous_7)
FNDA:1,(anonymous_8)
FNDA:1,(anonymous_9)
FNDA:1,(anonymous_10)
FNDA:1,(anonymous_11)
FNDA:3,(anonymous_12)
FNDA:1,(anonymous_13)
FNDA:1,(anonymous_14)
FNDA:1,(anonymous_15)
FNDA:1,(anonymous_16)
FNDA:2,(anonymous_17)
FNDA:4,(anonymous_18)
DA:1,3
DA:2,3
DA:3,3
DA:4,3
DA:5,3
DA:7,3
DA:17,3
DA:21,3
DA:23,1
DA:24,1
DA:25,1
DA:30,3
DA:32,1
DA:33,1
DA:34,1
DA:39,3
DA:41,1
DA:42,1
DA:43,1
DA:44,1
DA:49,3
DA:51,1
DA:52,1
DA:53,1
DA:54,1
DA:59,3
DA:61,1
DA:62,1
DA:63,1
DA:64,1
DA:69,3
DA:71,1
DA:72,1
DA:73,1
DA:74,1
DA:75,1
DA:82,3
DA:86,3
DA:88,1
DA:89,1
DA:92,1
DA:93,1
DA:94,1
DA:97,1
DA:99,1
DA:107,1
DA:108,1
DA:109,1
DA:110,1
DA:113,2
DA:114,2
DA:115,2
DA:118,4
DA:119,4
DA:120,4
DA:125,3
DA:128,3
LF:57
LH:57
BRDA:24,0,0,0
BRDA:24,0,1,1
BRF:2
BRH:1
end_of_record
TN:
SF:src/main/webapp/app/entities/produit-jour/produit-jour.reducer.ts
FN:23,(anonymous_0)
FN:23,(anonymous_1)
FN:32,(anonymous_2)
FN:32,(anonymous_3)
FN:41,(anonymous_4)
FN:41,(anonymous_5)
FN:51,(anonymous_6)
FN:51,(anonymous_7)
FN:61,(anonymous_8)
FN:61,(anonymous_9)
FN:71,(anonymous_10)
FN:71,(anonymous_11)
FN:85,(anonymous_12)
FN:87,(anonymous_13)
FN:91,(anonymous_14)
FN:96,(anonymous_15)
FN:106,(anonymous_16)
FN:112,(anonymous_17)
FN:117,(anonymous_18)
FNF:19
FNH:19
FNDA:1,(anonymous_0)
FNDA:1,(anonymous_1)
FNDA:1,(anonymous_2)
FNDA:1,(anonymous_3)
FNDA:1,(anonymous_4)
FNDA:1,(anonymous_5)
FNDA:1,(anonymous_6)
FNDA:1,(anonymous_7)
FNDA:1,(anonymous_8)
FNDA:1,(anonymous_9)
FNDA:1,(anonymous_10)
FNDA:1,(anonymous_11)
FNDA:3,(anonymous_12)
FNDA:1,(anonymous_13)
FNDA:1,(anonymous_14)
FNDA:1,(anonymous_15)
FNDA:1,(anonymous_16)
FNDA:2,(anonymous_17)
FNDA:4,(anonymous_18)
DA:1,3
DA:2,3
DA:3,3
DA:4,3
DA:5,3
DA:7,3
DA:17,3
DA:21,3
DA:23,1
DA:24,1
DA:25,1
DA:30,3
DA:32,1
DA:33,1
DA:34,1
DA:39,3
DA:41,1
DA:42,1
DA:43,1
DA:44,1
DA:49,3
DA:51,1
DA:52,1
DA:53,1
DA:54,1
DA:59,3
DA:61,1
DA:62,1
DA:63,1
DA:64,1
DA:69,3
DA:71,1
DA:72,1
DA:73,1
DA:74,1
DA:75,1
DA:82,3
DA:86,3
DA:88,1
DA:89,1
DA:92,1
DA:93,1
DA:94,1
DA:97,1
DA:99,1
DA:107,1
DA:108,1
DA:109,1
DA:110,1
DA:113,2
DA:114,2
DA:115,2
DA:118,4
DA:119,4
DA:120,4
DA:125,3
DA:128,3
LF:57
LH:57
BRDA:24,0,0,0
BRDA:24,0,1,1
BRF:2
BRH:1
end_of_record
TN:
SF:src/main/webapp/app/modules/account/activate/activate.reducer.ts
FN:15,(anonymous_0)
FN:15,(anonymous_1)
FN:23,(anonymous_2)
FN:27,(anonymous_3)
FN:29,(anonymous_4)
FN:30,(anonymous_5)
FN:33,(anonymous_6)
FNF:7
FNH:7
FNDA:1,(anonymous_0)
FNDA:1,(anonymous_1)
FNDA:2,(anonymous_2)
FNDA:3,(anonymous_3)
FNDA:1,(anonymous_4)
FNDA:1,(anonymous_5)
FNDA:1,(anonymous_6)
DA:1,3
DA:2,3
DA:4,3
DA:6,3
DA:15,3
DA:19,3
DA:24,2
DA:28,3
DA:29,1
DA:31,1
DA:34,1
DA:39,3
DA:42,3
LF:13
LH:13
BRF:0
BRH:0
end_of_record
TN:
SF:src/main/webapp/app/modules/account/password/password.reducer.ts
FN:27,(anonymous_0)
FN:27,(anonymous_1)
FN:35,(anonymous_2)
FN:39,(anonymous_3)
FN:41,(anonymous_4)
FN:46,(anonymous_5)
FN:52,(anonymous_6)
FNF:7
FNH:7
FNDA:1,(anonymous_0)
FNDA:1,(anonymous_1)
FNDA:1,(anonymous_2)
FNDA:3,(anonymous_3)
FNDA:1,(anonymous_4)
FNDA:1,(anonymous_5)
FNDA:1,(anonymous_6)
DA:1,3
DA:2,3
DA:4,3
DA:6,3
DA:16,3
DA:25,3
DA:27,1
DA:31,3
DA:36,1
DA:40,3
DA:42,1
DA:43,1
DA:44,1
DA:47,1
DA:48,1
DA:49,1
DA:50,1
DA:53,1
DA:54,1
DA:55,1
DA:56,1
DA:61,3
DA:64,3
LF:23
LH:23
BRF:0
BRH:0
end_of_record
TN:
SF:src/main/webapp/app/modules/account/password-reset/password-reset.reducer.ts
FN:21,(anonymous_0)
FN:21,(anonymous_1)
FN:27,(anonymous_2)
FN:27,(anonymous_3)
FN:35,(anonymous_4)
FN:39,(anonymous_5)
FN:41,(anonymous_6)
FN:47,(anonymous_7)
FN:53,(anonymous_8)
FN:56,(anonymous_9)
FNF:10
FNH:1
FNDA:0,(anonymous_0)
FNDA:0,(anonymous_1)
FNDA:0,(anonymous_2)
FNDA:0,(anonymous_3)
FNDA:0,(anonymous_4)
FNDA:2,(anonymous_5)
FNDA:0,(anonymous_6)
FNDA:0,(anonymous_7)
FNDA:0,(anonymous_8)
FNDA:0,(anonymous_9)
DA:1,2
DA:2,2
DA:4,2
DA:6,2
DA:15,2
DA:18,2
DA:21,0
DA:25,2
DA:27,0
DA:31,2
DA:36,0
DA:40,2
DA:41,0
DA:47,0
DA:54,0
DA:56,0
DA:64,2
DA:67,2
LF:18
LH:11
BRF:0
BRH:0
end_of_record
TN:
SF:src/main/webapp/app/modules/account/register/register.reducer.ts
FN:20,(anonymous_0)
FN:20,(anonymous_1)
FN:28,(anonymous_2)
FN:32,(anonymous_3)
FN:34,(anonymous_4)
FN:37,(anonymous_5)
FN:42,(anonymous_6)
FNF:7
FNH:7
FNDA:1,(anonymous_0)
FNDA:1,(anonymous_1)
FNDA:1,(anonymous_2)
FNDA:3,(anonymous_3)
FNDA:1,(anonymous_4)
FNDA:1,(anonymous_5)
FNDA:1,(anonymous_6)
DA:1,3
DA:2,3
DA:4,3
DA:6,3
DA:18,3
DA:20,1
DA:24,3
DA:29,1
DA:33,3
DA:35,1
DA:37,1
DA:42,1
DA:50,3
DA:53,3
LF:14
LH:14
BRF:0
BRH:0
end_of_record
TN:
SF:src/main/webapp/app/modules/account/settings/settings.reducer.ts
FN:21,(anonymous_0)
FN:21,(anonymous_1)
FN:21,(anonymous_2)
FN:27,(anonymous_3)
FN:27,(anonymous_4)
FN:35,(anonymous_5)
FN:39,(anonymous_6)
FN:41,(anonymous_7)
FN:46,(anonymous_8)
FN:51,(anonymous_9)
FNF:10
FNH:7
FNDA:0,(anonymous_0)
FNDA:0,(anonymous_1)
FNDA:0,(anonymous_2)
FNDA:1,(anonymous_3)
FNDA:1,(anonymous_4)
FNDA:1,(anonymous_5)
FNDA:3,(anonymous_6)
FNDA:1,(anonymous_7)
FNDA:1,(anonymous_8)
FNDA:1,(anonymous_9)
DA:1,3
DA:2,3
DA:4,3
DA:6,3
DA:8,3
DA:19,3
DA:21,3
DA:22,0
DA:24,0
DA:27,3
DA:31,3
DA:36,1
DA:40,3
DA:42,1
DA:43,1
DA:44,1
DA:47,1
DA:48,1
DA:49,1
DA:52,1
DA:53,1
DA:54,1
DA:55,1
DA:60,3
DA:63,3
LF:25
LH:23
BRF:0
BRH:0
end_of_record
TN:
SF:src/main/webapp/app/modules/administration/administration.reducer.ts
FN:27,(anonymous_0)
FN:27,(anonymous_1)
FN:31,(anonymous_2)
FN:31,(anonymous_3)
FN:37,(anonymous_4)
FN:37,(anonymous_5)
FN:43,(anonymous_6)
FN:43,(anonymous_7)
FN:49,(anonymous_8)
FN:49,(anonymous_9)
FN:55,(anonymous_10)
FN:55,(anonymous_11)
FN:55,(anonymous_12)
FN:62,(anonymous_13)
FN:62,(anonymous_14)
FN:68,(anonymous_15)
FN:68,(anonymous_16)
FN:76,(anonymous_17)
FN:78,(anonymous_18)
FN:82,(anonymous_19)
FN:86,(anonymous_20)
FN:90,(anonymous_21)
FN:96,(anonymous_22)
FN:103,(anonymous_23)
FN:110,(anonymous_24)
FN:116,(anonymous_25)
FNF:26
FNH:23
FNDA:1,(anonymous_0)
FNDA:1,(anonymous_1)
FNDA:1,(anonymous_2)
FNDA:1,(anonymous_3)
FNDA:1,(anonymous_4)
FNDA:1,(anonymous_5)
FNDA:1,(anonymous_6)
FNDA:1,(anonymous_7)
FNDA:1,(anonymous_8)
FNDA:1,(anonymous_9)
FNDA:0,(anonymous_10)
FNDA:0,(anonymous_11)
FNDA:0,(anonymous_12)
FNDA:1,(anonymous_13)
FNDA:1,(anonymous_14)
FNDA:1,(anonymous_15)
FNDA:1,(anonymous_16)
FNDA:3,(anonymous_17)
FNDA:1,(anonymous_18)
FNDA:1,(anonymous_19)
FNDA:1,(anonymous_20)
FNDA:1,(anonymous_21)
FNDA:1,(anonymous_22)
FNDA:1,(anonymous_23)
FNDA:6,(anonymous_24)
FNDA:6,(anonymous_25)
DA:1,3
DA:2,3
DA:4,3
DA:7,3
DA:27,3
DA:31,3
DA:35,3
DA:37,1
DA:43,3
DA:47,3
DA:49,1
DA:55,3
DA:56,0
DA:57,0
DA:60,3
DA:62,1
DA:68,3
DA:72,3
DA:77,3
DA:79,1
DA:80,1
DA:83,1
DA:84,1
DA:87,1
DA:88,1
DA:91,1
DA:92,1
DA:97,1
DA:98,1
DA:104,1
DA:105,1
DA:111,6
DA:112,6
DA:117,6
DA:118,6
DA:125,3
LF:36
LH:34
BRF:0
BRH:0
end_of_record
TN:
SF:src/main/webapp/app/modules/administration/user-management/user-management.reducer.ts
FN:23,(anonymous_0)
FN:23,(anonymous_1)
FN:28,(anonymous_2)
FN:28,(anonymous_3)
FN:33,(anonymous_4)
FN:33,(anonymous_5)
FN:35,(anonymous_6)
FN:41,(anonymous_7)
FN:41,(anonymous_8)
FN:50,(anonymous_9)
FN:50,(anonymous_10)
FN:60,(anonymous_11)
FN:60,(anonymous_12)
FN:70,(anonymous_13)
FN:70,(anonymous_14)
FN:85,(anonymous_15)
FN:89,(anonymous_16)
FN:91,(anonymous_17)
FN:94,(anonymous_18)
FN:98,(anonymous_19)
FN:103,(anonymous_20)
FN:108,(anonymous_21)
FN:114,(anonymous_22)
FN:119,(anonymous_23)
FN:124,(anonymous_24)
FNF:25
FNH:24
FNDA:2,(anonymous_0)
FNDA:2,(anonymous_1)
FNDA:2,(anonymous_2)
FNDA:2,(anonymous_3)
FNDA:1,(anonymous_4)
FNDA:1,(anonymous_5)
FNDA:0,(anonymous_6)
FNDA:1,(anonymous_7)
FNDA:1,(anonymous_8)
FNDA:1,(anonymous_9)
FNDA:1,(anonymous_10)
FNDA:1,(anonymous_11)
FNDA:1,(anonymous_12)
FNDA:1,(anonymous_13)
FNDA:1,(anonymous_14)
FNDA:1,(anonymous_15)
FNDA:3,(anonymous_16)
FNDA:1,(anonymous_17)
FNDA:1,(anonymous_18)
FNDA:1,(anonymous_19)
FNDA:1,(anonymous_20)
FNDA:2,(anonymous_21)
FNDA:3,(anonymous_22)
FNDA:3,(anonymous_23)
FNDA:7,(anonymous_24)
DA:1,3
DA:2,3
DA:4,3
DA:5,3
DA:7,3
DA:18,3
DA:19,3
DA:23,3
DA:24,2
DA:25,2
DA:28,3
DA:29,2
DA:30,2
DA:33,3
DA:34,1
DA:35,1
DA:36,1
DA:39,3
DA:41,1
DA:42,1
DA:43,1
DA:48,3
DA:50,1
DA:51,1
DA:52,1
DA:53,1
DA:58,3
DA:60,1
DA:61,1
DA:62,1
DA:63,1
DA:68,3
DA:70,1
DA:71,1
DA:72,1
DA:73,1
DA:74,1
DA:81,3
DA:86,1
DA:90,3
DA:92,1
DA:95,1
DA:96,1
DA:99,1
DA:100,1
DA:101,1
DA:104,1
DA:105,1
DA:106,1
DA:109,2
DA:110,2
DA:111,2
DA:112,2
DA:115,3
DA:116,3
DA:117,3
DA:120,3
DA:121,3
DA:122,3
DA:125,7
DA:126,7
DA:127,7
DA:128,7
DA:133,3
DA:136,3
LF:65
LH:65
BRDA:24,0,0,1
BRDA:24,0,1,1
BRDA:29,1,0,1
BRDA:29,1,1,1
BRDA:35,2,0,1
BRDA:35,2,1,0
BRDA:35,3,0,1
BRDA:35,3,1,1
BRDA:35,4,0,0
BRDA:35,4,1,1
BRDA:35,5,0,1
BRDA:35,5,1,1
BRF:12
BRH:10
end_of_record
TN:
SF:src/main/webapp/app/shared/auth/private-route.tsx
FN:12,(anonymous_0)
FN:13,(anonymous_1)
FN:14,(anonymous_2)
FN:15,(anonymous_3)
FN:51,(anonymous_4)
FN:56,(anonymous_5)
FNF:6
FNH:6
FNDA:8,(anonymous_0)
FNDA:14,(anonymous_1)
FNDA:14,(anonymous_2)
FNDA:14,(anonymous_3)
FNDA:20,(anonymous_4)
FNDA:9,(anonymous_5)
DA:1,1
DA:2,1
DA:4,1
DA:5,1
DA:12,8
DA:13,14
DA:14,14
DA:15,14
DA:16,7
DA:17,7
DA:19,7
DA:20,4
DA:23,3
DA:24,0
DA:27,3
DA:28,2
DA:29,1
DA:32,1
DA:39,1
DA:51,1
DA:52,20
DA:53,11
DA:54,3
DA:56,9
DA:58,9
DA:67,1
LF:26
LH:25
BRDA:12,0,0,7
BRDA:19,1,0,4
BRDA:23,2,0,0
BRDA:27,3,0,2
BRDA:28,4,0,1
BRDA:52,5,0,11
BRDA:52,6,0,20
BRDA:52,6,1,18
BRDA:53,7,0,3
BRF:9
BRH:8
end_of_record
TN:
SF:src/main/webapp/app/shared/error/error-boundary-routes.tsx
FN:5,(anonymous_0)
FNF:1
FNH:1
FNDA:4,(anonymous_0)
DA:1,1
DA:2,1
DA:3,1
DA:5,1
DA:6,4
DA:21,1
LF:6
LH:6
BRF:0
BRH:0
end_of_record
TN:
SF:src/main/webapp/app/shared/error/error-boundary.tsx
FN:12,(anonymous_0)
FN:15,(anonymous_1)
FN:22,(anonymous_2)
FNF:3
FNH:3
FNDA:9,(anonymous_0)
FNDA:2,(anonymous_1)
FNDA:9,(anonymous_2)
DA:1,3
DA:13,7
DA:16,2
DA:23,9
DA:24,9
DA:25,2
DA:32,2
DA:39,7
DA:43,3
LF:9
LH:9
BRDA:24,0,0,2
BRDA:25,1,0,0
BRDA:25,1,1,2
BRDA:27,2,0,0
BRDA:27,2,1,0
BRF:5
BRH:2
end_of_record
TN:
SF:src/main/webapp/app/shared/jhipster/headers.ts
FN:10,(anonymous_0)
FN:23,(anonymous_1)
FN:25,(anonymous_2)
FNF:3
FNH:3
FNDA:4,(anonymous_0)
FNDA:2,(anonymous_1)
FNDA:6,(anonymous_2)
DA:10,3
DA:11,4
DA:12,0
DA:13,0
DA:15,0
DA:17,4
DA:18,0
DA:20,4
DA:23,3
DA:25,3
DA:26,6
DA:27,6
DA:28,6
DA:29,6
DA:30,4
DA:31,1
DA:32,3
DA:33,1
DA:34,2
DA:35,2
DA:38,6
LF:21
LH:17
BRDA:11,0,0,0
BRDA:12,1,0,0
BRDA:17,2,0,0
BRDA:30,3,0,1
BRDA:30,3,1,3
BRDA:32,4,0,1
BRDA:32,4,1,2
BRDA:34,5,0,2
BRF:8
BRH:5
end_of_record
TN:
SF:src/main/webapp/app/shared/jhipster/problem-details.ts
FN:33,(anonymous_0)
FNF:1
FNH:1
FNDA:6,(anonymous_0)
DA:18,3
DA:33,6
LF:2
LH:2
BRDA:33,0,0,2
BRDA:33,0,1,4
BRDA:33,1,0,6
BRDA:33,1,1,6
BRF:4
BRH:4
end_of_record
TN:
SF:src/main/webapp/app/shared/layout/header/header-components.tsx
FN:7,(anonymous_0)
FN:13,(anonymous_1)
FN:21,(anonymous_2)
FNF:3
FNH:3
FNDA:4,(anonymous_0)
FNDA:4,(anonymous_1)
FNDA:4,(anonymous_2)
DA:1,1
DA:3,1
DA:4,1
DA:5,1
DA:7,1
DA:8,4
DA:13,1
DA:14,4
DA:21,1
DA:22,4
LF:10
LH:10
BRDA:17,0,0,0
BRDA:17,0,1,4
BRF:2
BRH:1
end_of_record
TN:
SF:src/main/webapp/app/shared/layout/header/header.tsx
FN:19,(anonymous_0)
FN:22,(anonymous_1)
FN:29,(anonymous_2)
FNF:3
FNH:2
FNDA:4,(anonymous_0)
FNDA:4,(anonymous_1)
FNDA:0,(anonymous_2)
DA:1,1
DA:3,1
DA:5,1
DA:6,1
DA:8,1
DA:9,1
DA:19,1
DA:20,4
DA:22,4
DA:23,4
DA:29,4
DA:33,4
DA:55,1
LF:13
LH:13
BRDA:23,0,0,1
BRDA:23,0,1,3
BRDA:43,1,0,4
BRDA:43,1,1,3
BRDA:44,2,0,4
BRDA:44,2,1,3
BRDA:44,2,2,2
BRF:7
BRH:7
end_of_record
TN:
SF:src/main/webapp/app/shared/layout/menus/account.tsx
FN:6,(anonymous_0)
FN:20,(anonymous_1)
FN:31,(anonymous_2)
FNF:3
FNH:3
FNDA:4,(anonymous_0)
FNDA:2,(anonymous_1)
FNDA:6,(anonymous_2)
DA:1,2
DA:2,2
DA:4,2
DA:6,2
DA:7,4
DA:20,2
DA:21,2
DA:31,2
DA:32,6
DA:38,2
LF:10
LH:10
BRDA:31,0,0,1
BRDA:33,1,0,6
BRDA:33,1,1,4
BRDA:34,2,0,6
BRDA:34,2,1,2
BRF:5
BRH:5
end_of_record
TN:
SF:src/main/webapp/app/shared/layout/menus/admin.tsx
FN:7,(anonymous_0)
FN:28,(anonymous_1)
FN:34,(anonymous_2)
FN:40,(anonymous_3)
FNF:4
FNH:4
FNDA:2,(anonymous_0)
FNDA:1,(anonymous_1)
FNDA:1,(anonymous_2)
FNDA:2,(anonymous_3)
DA:1,1
DA:2,1
DA:3,1
DA:4,1
DA:5,1
DA:7,1
DA:8,2
DA:28,1
DA:29,1
DA:34,1
DA:35,1
DA:40,1
DA:41,2
DA:49,1
LF:14
LH:14
BRDA:43,0,0,2
BRDA:43,0,1,1
BRDA:45,1,0,2
BRDA:45,1,1,1
BRF:4
BRH:4
end_of_record
TN:
SF:src/main/webapp/app/shared/layout/menus/entities.tsx
FN:6,(anonymous_0)
FNF:1
FNH:1
FNDA:3,(anonymous_0)
DA:1,1
DA:3,1
DA:4,1
DA:6,1
DA:7,3
LF:5
LH:5
BRF:0
BRH:0
end_of_record
TN:
SF:src/main/webapp/app/shared/layout/menus/index.ts
FNF:0
FNH:0
DA:1,1
DA:2,1
DA:3,1
LF:3
LH:3
BRF:0
BRH:0
end_of_record
TN:
SF:src/main/webapp/app/shared/layout/menus/menu-components.tsx
FN:6,(anonymous_0)
FNF:1
FNH:1
FNDA:11,(anonymous_0)
DA:1,2
DA:3,2
DA:4,2
DA:6,2
DA:7,11
LF:5
LH:5
BRF:0
BRH:0
end_of_record
TN:
SF:src/main/webapp/app/shared/layout/menus/menu-item.tsx
FN:15,(anonymous_0)
FNF:1
FNH:1
FNDA:33,(anonymous_0)
DA:1,2
DA:2,2
DA:3,2
DA:4,2
DA:15,2
DA:16,33
DA:18,33
DA:25,2
LF:8
LH:8
BRF:0
BRH:0
end_of_record
TN:
SF:src/main/webapp/app/shared/model/produit-jour.model.ts
FNF:0
FNH:0
DA:11,3
LF:1
LH:1
BRF:0
BRH:0
end_of_record
TN:
SF:src/main/webapp/app/shared/model/produit.model.ts
FNF:0
FNH:0
DA:9,3
LF:1
LH:1
BRF:0
BRH:0
end_of_record
TN:
SF:src/main/webapp/app/shared/model/user.model.ts
FNF:0
FNH:0
DA:17,3
LF:1
LH:1
BRF:0
BRH:0
end_of_record
TN:
SF:src/main/webapp/app/shared/reducers/application-profile.ts
FN:14,(anonymous_0)
FN:14,(anonymous_1)
FN:22,(anonymous_2)
FN:23,(anonymous_3)
FNF:4
FNH:4
FNDA:1,(anonymous_0)
FNDA:1,(anonymous_1)
FNDA:3,(anonymous_2)
FNDA:2,(anonymous_3)
DA:1,3
DA:3,3
DA:4,3
DA:6,3
DA:14,3
DA:18,3
DA:23,3
DA:24,2
DA:25,2
DA:26,2
DA:27,2
DA:33,3
LF:12
LH:12
BRF:0
BRH:0
end_of_record
TN:
SF:src/main/webapp/app/shared/reducers/authentication.ts
FN:26,(anonymous_0)
FN:26,(anonymous_1)
FN:30,(anonymous_2)
FN:30,(anonymous_3)
FN:42,(anonymous_4)
FN:42,(anonymous_5)
FN:49,(anonymous_6)
FN:50,(anonymous_7)
FN:50,(anonymous_8)
FN:65,(anonymous_9)
FN:74,(anonymous_10)
FN:74,(anonymous_11)
FN:79,(anonymous_12)
FN:79,(anonymous_13)
FN:89,(anonymous_14)
FN:95,(anonymous_15)
FN:102,(anonymous_16)
FN:111,(anonymous_17)
FN:113,(anonymous_18)
FN:119,(anonymous_19)
FN:126,(anonymous_20)
FN:134,(anonymous_21)
FN:144,(anonymous_22)
FN:147,(anonymous_23)
FNF:24
FNH:24
FNDA:2,(anonymous_0)
FNDA:2,(anonymous_1)
FNDA:3,(anonymous_2)
FNDA:3,(anonymous_3)
FNDA:3,(anonymous_4)
FNDA:3,(anonymous_5)
FNDA:2,(anonymous_6)
FNDA:2,(anonymous_7)
FNDA:2,(anonymous_8)
FNDA:4,(anonymous_9)
FNDA:1,(anonymous_10)
FNDA:1,(anonymous_11)
FNDA:1,(anonymous_12)
FNDA:1,(anonymous_13)
FNDA:1,(anonymous_14)
FNDA:1,(anonymous_15)
FNDA:1,(anonymous_16)
FNDA:3,(anonymous_17)
FNDA:1,(anonymous_18)
FNDA:1,(anonymous_19)
FNDA:1,(anonymous_20)
FNDA:2,(anonymous_21)
FNDA:1,(anonymous_22)
FNDA:1,(anonymous_23)
DA:1,4
DA:2,4
DA:3,4
DA:5,4
DA:7,4
DA:9,4
DA:26,4
DA:27,2
DA:30,4
DA:40,4
DA:42,3
DA:48,4
DA:49,4
DA:50,2
DA:51,2
DA:52,2
DA:53,2
DA:54,2
DA:55,2
DA:56,2
DA:57,1
DA:59,1
DA:62,2
DA:65,4
DA:66,4
DA:67,1
DA:69,4
DA:70,1
DA:74,4
DA:75,1
DA:76,1
DA:79,4
DA:80,1
DA:81,1
DA:82,1
DA:85,4
DA:90,1
DA:96,1
DA:103,1
DA:112,3
DA:113,1
DA:119,1
DA:126,1
DA:135,2
DA:136,2
DA:145,1
DA:148,1
DA:153,4
DA:156,4
LF:49
LH:49
BRDA:49,0,0,1
BRDA:53,1,0,0
BRDA:53,1,1,2
BRDA:53,2,0,2
BRDA:53,2,1,2
BRDA:53,3,0,0
BRDA:53,3,1,2
BRDA:53,4,0,2
BRDA:53,4,1,2
BRDA:54,5,0,2
BRDA:54,6,0,2
BRDA:54,6,1,2
BRDA:56,7,0,1
BRDA:56,7,1,1
BRDA:66,8,0,1
BRDA:69,9,0,1
BRDA:135,10,0,2
BRDA:135,10,1,2
BRDA:135,10,2,2
BRF:19
BRH:17
end_of_record
TN:
SF:src/main/webapp/app/shared/reducers/index.ts
FNF:0
FNH:0
DA:2,2
DA:4,2
DA:5,2
DA:6,2
DA:7,2
DA:8,2
DA:9,2
DA:10,2
DA:11,2
DA:12,2
DA:13,2
DA:16,2
DA:31,2
LF:13
LH:13
BRF:0
BRH:0
end_of_record
TN:
SF:src/main/webapp/app/shared/reducers/reducer.utils.ts
FN:28,isRejectedAction
FN:35,isPendingAction
FN:42,isFulfilledAction
FN:52,(anonymous_3)
FN:85,(anonymous_4)
FN:105,(anonymous_5)
FN:110,(anonymous_6)
FN:118,(anonymous_7)
FNF:8
FNH:6
FNDA:61,isRejectedAction
FNDA:0,isPendingAction
FNDA:13,isFulfilledAction
FNDA:0,(anonymous_3)
FNDA:6,(anonymous_4)
FNDA:2,(anonymous_5)
FNDA:6,(anonymous_6)
FNDA:12,(anonymous_7)
DA:1,13
DA:10,13
DA:28,13
DA:29,61
DA:35,13
DA:36,0
DA:42,13
DA:43,13
DA:46,13
DA:52,13
DA:53,0
DA:54,0
DA:55,0
DA:57,0
DA:58,0
DA:59,0
DA:60,0
DA:64,0
DA:67,0
DA:85,13
DA:98,6
DA:106,2
DA:111,6
DA:117,6
DA:118,6
DA:119,12
DA:120,12
DA:121,12
DA:122,12
LF:29
LH:19
BRDA:53,0,0,0
BRDA:53,1,0,0
BRDA:53,1,1,0
BRDA:54,2,0,0
BRDA:54,2,1,0
BRDA:59,3,0,0
BRDA:86,4,0,0
BRDA:117,5,0,6
BRF:8
BRH:1
end_of_record
TN:
SF:src/main/webapp/app/shared/util/entity-utils.ts
FN:11,(anonymous_0)
FN:12,(anonymous_1)
FN:23,(anonymous_2)
FN:23,(anonymous_3)
FN:23,(anonymous_4)
FN:25,(anonymous_5)
FN:36,(anonymous_6)
FNF:7
FNH:5
FNDA:10,(anonymous_0)
FNDA:13,(anonymous_1)
FNDA:2,(anonymous_2)
FNDA:4,(anonymous_3)
FNDA:3,(anonymous_4)
FNDA:0,(anonymous_5)
FNDA:0,(anonymous_6)
DA:1,5
DA:11,5
DA:12,13
DA:14,10
DA:23,5
DA:25,5
DA:26,0
DA:27,0
DA:28,0
DA:29,0
DA:30,0
DA:31,0
DA:33,0
DA:36,5
DA:38,0
DA:40,0
DA:41,0
DA:42,0
DA:43,0
DA:45,0
LF:20
LH:7
BRDA:12,0,0,13
BRDA:12,0,1,4
BRDA:12,0,2,3
BRDA:28,1,0,0
BRDA:42,2,0,0
BRF:5
BRH:3
end_of_record
